#
# There is insufficient memory for the Java Runtime Environment to continue.
# Native memory allocation (malloc) failed to allocate 65552 bytes for Chunk::new
# Possible reasons:
#   The system is out of physical RAM or swap space
#   The process is running with CompressedOops enabled, and the Java Heap may be blocking the growth of the native heap
# Possible solutions:
#   Reduce memory load on the system
#   Increase physical memory or swap space
#   Check if swap backing store is full
#   Decrease Java heap size (-Xmx/-Xms)
#   Decrease number of Java threads
#   Decrease Java thread stack sizes (-Xss)
#   Set larger code cache with -XX:ReservedCodeCacheSize=
#   JVM is running with Unscaled Compressed Oops mode in which the Java heap is
#     placed in the first 4GB address space. The Java Heap base address is the
#     maximum limit for the native heap growth. Please use -XX:HeapBaseMinAddress
#     to set the Java Heap base and to place the Java Heap above 4GB virtual address.
# This output file may be truncated or incomplete.
#
#  Out of Memory Error (./open/src/hotspot/share/memory/arena.cpp:195), pid=100224, tid=96600
#
# JRE version: Java(TM) SE Runtime Environment (15.0.1+9) (build 15.0.1+9-18)
# Java VM: Java HotSpot(TM) 64-Bit Server VM (15.0.1+9-18, mixed mode, sharing, tiered, compressed oops, g1 gc, windows-amd64)
# No core dump will be written. Minidumps are not enabled by default on client versions of Windows
#

---------------  S U M M A R Y ------------

Command Line: -ea -Dfile.encoding=Cp1252 -XX:+ShowCodeDetailsInExceptionMessages org.testng.remote.RemoteTestNG -serport 53680 -protocol json -d C:\Users\Mahmoud\eclipse-workspace\AutomationFramework\test-output C:\Users\Mahmoud\AppData\Local\Temp\testng-eclipse--188849093\testng-customsuite.xml

Host: Intel(R) Core(TM) i7-9750H CPU @ 2.60GHz, 12 cores, 7G,  Windows 10 , 64 bit Build 22000 (10.0.22000.434)
Time: Sun Feb 27 18:04:39 2022 Egypt Standard Time elapsed time: 3.030103 seconds (0d 0h 0m 3s)

---------------  T H R E A D  ---------------

Current thread (0x000001a7f9aab880):  JavaThread "C2 CompilerThread0" daemon [_thread_in_native, id=96600, stack(0x0000000422a00000,0x0000000422b00000)]


Current CompileTask:
C2:   3030 1674       4       jdk.internal.org.objectweb.asm.Frame::execute (2305 bytes)

Stack: [0x0000000422a00000,0x0000000422b00000]
Native frames: (J=compiled Java code, j=interpreted, Vv=VM code, C=native code)
V  [jvm.dll+0x62ae9a]
V  [jvm.dll+0x781389]
V  [jvm.dll+0x782ae3]
V  [jvm.dll+0x783143]
V  [jvm.dll+0x216265]
V  [jvm.dll+0x97efa]
V  [jvm.dll+0x9806d]
V  [jvm.dll+0x609ad4]
V  [jvm.dll+0x53117a]
V  [jvm.dll+0x530779]
V  [jvm.dll+0x52fdbe]
V  [jvm.dll+0x52fd85]
V  [jvm.dll+0x52fdd1]
V  [jvm.dll+0x52fd85]
V  [jvm.dll+0x52fdd1]
V  [jvm.dll+0x52fdd1]
V  [jvm.dll+0x52fdd1]
V  [jvm.dll+0x52fdd1]
V  [jvm.dll+0x52fdd1]
V  [jvm.dll+0x52fdd1]
V  [jvm.dll+0x52fdd1]
V  [jvm.dll+0x54113d]
V  [jvm.dll+0x1f2c14]
V  [jvm.dll+0x1ec3b7]
V  [jvm.dll+0x1e97a7]
V  [jvm.dll+0x1784c7]
V  [jvm.dll+0x1f9165]
V  [jvm.dll+0x1f720c]
V  [jvm.dll+0x74485d]
V  [jvm.dll+0x73d65a]
V  [jvm.dll+0x629c56]
C  [ucrtbase.dll+0x26c0c]
C  [KERNEL32.DLL+0x154e0]
C  [ntdll.dll+0x485b]


---------------  P R O C E S S  ---------------

Threads class SMR info:
_java_thread_list=0x000001a7fb3bd7c0, length=13, elements={
0x000001a7dac78ec0, 0x000001a7f9a80210, 0x000001a7f9a80de0, 0x000001a7f9a9c440,
0x000001a7f9a9ed10, 0x000001a7f9aa16d0, 0x000001a7f9aab880, 0x000001a7f9aaf820,
0x000001a7f9ab2140, 0x000001a7fa4e01b0, 0x000001a7fa4e82b0, 0x000001a7fad7a340,
0x000001a7fb445230
}

Java Threads: ( => current thread )
  0x000001a7dac78ec0 JavaThread "main" [_thread_in_native, id=103364, stack(0x0000000421e00000,0x0000000421f00000)]
  0x000001a7f9a80210 JavaThread "Reference Handler" daemon [_thread_blocked, id=102876, stack(0x0000000422500000,0x0000000422600000)]
  0x000001a7f9a80de0 JavaThread "Finalizer" daemon [_thread_blocked, id=102420, stack(0x0000000422600000,0x0000000422700000)]
  0x000001a7f9a9c440 JavaThread "Signal Dispatcher" daemon [_thread_blocked, id=102444, stack(0x0000000422700000,0x0000000422800000)]
  0x000001a7f9a9ed10 JavaThread "Attach Listener" daemon [_thread_blocked, id=100588, stack(0x0000000422800000,0x0000000422900000)]
  0x000001a7f9aa16d0 JavaThread "Service Thread" daemon [_thread_blocked, id=98968, stack(0x0000000422900000,0x0000000422a00000)]
=>0x000001a7f9aab880 JavaThread "C2 CompilerThread0" daemon [_thread_in_native, id=96600, stack(0x0000000422a00000,0x0000000422b00000)]
  0x000001a7f9aaf820 JavaThread "C1 CompilerThread0" daemon [_thread_blocked, id=102436, stack(0x0000000422b00000,0x0000000422c00000)]
  0x000001a7f9ab2140 JavaThread "Sweeper thread" daemon [_thread_blocked, id=102412, stack(0x0000000422c00000,0x0000000422d00000)]
  0x000001a7fa4e01b0 JavaThread "Notification Thread" daemon [_thread_blocked, id=102104, stack(0x0000000422d00000,0x0000000422e00000)]
  0x000001a7fa4e82b0 JavaThread "Common-Cleaner" daemon [_thread_blocked, id=101944, stack(0x0000000422f00000,0x0000000423000000)]
  0x000001a7fad7a340 JavaThread "ReaderThread" [_thread_in_native, id=101972, stack(0x0000000423200000,0x0000000423300000)]
  0x000001a7fb445230 JavaThread "C2 CompilerThread1" daemon [_thread_blocked, id=23888, stack(0x0000000423500000,0x0000000423600000)]

Other Threads:
  0x000001a7f9a7a960 VMThread "VM Thread" [stack: 0x0000000422400000,0x0000000422500000] [id=102908]
  0x000001a7fa4e4690 WatcherThread [stack: 0x0000000422e00000,0x0000000422f00000] [id=99956]
  0x000001a7dacb94e0 GCTaskThread "GC Thread#0" [stack: 0x0000000421f00000,0x0000000422000000] [id=103360]
  0x000001a7fa95c6e0 GCTaskThread "GC Thread#1" [stack: 0x0000000423000000,0x0000000423100000] [id=102868]
  0x000001a7fa95c3b0 GCTaskThread "GC Thread#2" [stack: 0x0000000423300000,0x0000000423400000] [id=103088]
  0x000001a7fa95ad60 GCTaskThread "GC Thread#3" [stack: 0x0000000423400000,0x0000000423500000] [id=91216]
  0x000001a7daccb820 ConcurrentGCThread "G1 Main Marker" [stack: 0x0000000422000000,0x0000000422100000] [id=60124]
  0x000001a7daccd420 ConcurrentGCThread "G1 Conc#0" [stack: 0x0000000422100000,0x0000000422200000] [id=103396]
  0x000001a7dad3dfa0 ConcurrentGCThread "G1 Refine#0" [stack: 0x0000000422200000,0x0000000422300000] [id=103384]
  0x000001a7dad3eba0 ConcurrentGCThread "G1 Young RemSet Sampling" [stack: 0x0000000422300000,0x0000000422400000] [id=102184]

Threads with active compile tasks:
C2 CompilerThread0     3094 1674       4       jdk.internal.org.objectweb.asm.Frame::execute (2305 bytes)

VM state: not at safepoint (normal execution)

VM Mutex/Monitor currently owned by a thread:  ([mutex/lock_event])
[0x000001a7dac73690] MetaspaceExpand_lock - owner thread: 0x0000000000000000

Heap address: 0x0000000083600000, size: 1994 MB, Compressed Oops mode: 32-bit
CDS archive(s) mapped at: [0x0000000800000000-0x0000000800b50000-0x0000000800b50000), size 11862016, SharedBaseAddress: 0x0000000800000000, ArchiveRelocationMode: 0.
Compressed class space mapped at: 0x0000000800b50000-0x0000000840b50000, size: 1073741824
Narrow klass base: 0x0000000800000000, Narrow klass shift: 3, Narrow klass range: 0x100000000

GC Precious Log:
 CPUs: 12 total, 12 available
 Memory: 7972M
 Large Page Support: Disabled
 NUMA Support: Disabled
 Compressed Oops: Enabled (32-bit)
 Heap Region Size: 1M
 Heap Min Capacity: 8M
 Heap Initial Capacity: 126M
 Heap Max Capacity: 1994M
 Pre-touch: Disabled
 Parallel Workers: 10
 Concurrent Workers: 3
 Concurrent Refinement Workers: 10
 Periodic GC: Disabled

Heap:
 garbage-first heap   total 129024K, used 43074K [0x0000000083600000, 0x0000000100000000)
  region size 1024K, 35 young (35840K), 2 survivors (2048K)
 Metaspace       used 17209K, capacity 17529K, committed 17792K, reserved 1064960K
  class space    used 1959K, capacity 2064K, committed 2176K, reserved 1048576K

Heap Regions: E=young(eden), S=young(survivor), O=old, HS=humongous(starts), HC=humongous(continues), CS=collection set, F=free, OA=open archive, CA=closed archive, TAMS=top-at-mark-start (previous, next)
|   0|0x0000000083600000, 0x0000000083700000, 0x0000000083700000|100%|HS|  |TAMS 0x0000000083600000, 0x0000000083600000| Complete 
|   1|0x0000000083700000, 0x0000000083800000, 0x0000000083800000|100%| O|  |TAMS 0x0000000083700000, 0x0000000083700000| Untracked 
|   2|0x0000000083800000, 0x0000000083900000, 0x0000000083900000|100%| O|  |TAMS 0x0000000083800000, 0x0000000083800000| Untracked 
|   3|0x0000000083900000, 0x0000000083a00000, 0x0000000083a00000|100%| O|  |TAMS 0x0000000083900000, 0x0000000083900000| Untracked 
|   4|0x0000000083a00000, 0x0000000083b00000, 0x0000000083b00000|100%| O|  |TAMS 0x0000000083a00000, 0x0000000083a00000| Untracked 
|   5|0x0000000083b00000, 0x0000000083c00000, 0x0000000083c00000|100%| O|  |TAMS 0x0000000083b00000, 0x0000000083b00000| Untracked 
|   6|0x0000000083c00000, 0x0000000083d00000, 0x0000000083d00000|100%| O|  |TAMS 0x0000000083c00000, 0x0000000083c00000| Untracked 
|   7|0x0000000083d00000, 0x0000000083e00000, 0x0000000083e00000|100%| O|  |TAMS 0x0000000083d00000, 0x0000000083d00000| Untracked 
|   8|0x0000000083e00000, 0x0000000083e8ba00, 0x0000000083f00000| 54%| O|  |TAMS 0x0000000083e00000, 0x0000000083e00000| Untracked 
|   9|0x0000000083f00000, 0x0000000083f00000, 0x0000000084000000|  0%| F|  |TAMS 0x0000000083f00000, 0x0000000083f00000| Untracked 
|  10|0x0000000084000000, 0x0000000084000000, 0x0000000084100000|  0%| F|  |TAMS 0x0000000084000000, 0x0000000084000000| Untracked 
|  11|0x0000000084100000, 0x0000000084100000, 0x0000000084200000|  0%| F|  |TAMS 0x0000000084100000, 0x0000000084100000| Untracked 
|  12|0x0000000084200000, 0x0000000084200000, 0x0000000084300000|  0%| F|  |TAMS 0x0000000084200000, 0x0000000084200000| Untracked 
|  13|0x0000000084300000, 0x0000000084300000, 0x0000000084400000|  0%| F|  |TAMS 0x0000000084300000, 0x0000000084300000| Untracked 
|  14|0x0000000084400000, 0x0000000084400000, 0x0000000084500000|  0%| F|  |TAMS 0x0000000084400000, 0x0000000084400000| Untracked 
|  15|0x0000000084500000, 0x0000000084500000, 0x0000000084600000|  0%| F|  |TAMS 0x0000000084500000, 0x0000000084500000| Untracked 
|  16|0x0000000084600000, 0x0000000084600000, 0x0000000084700000|  0%| F|  |TAMS 0x0000000084600000, 0x0000000084600000| Untracked 
|  17|0x0000000084700000, 0x0000000084700000, 0x0000000084800000|  0%| F|  |TAMS 0x0000000084700000, 0x0000000084700000| Untracked 
|  18|0x0000000084800000, 0x0000000084800000, 0x0000000084900000|  0%| F|  |TAMS 0x0000000084800000, 0x0000000084800000| Untracked 
|  19|0x0000000084900000, 0x0000000084900000, 0x0000000084a00000|  0%| F|  |TAMS 0x0000000084900000, 0x0000000084900000| Untracked 
|  20|0x0000000084a00000, 0x0000000084a00000, 0x0000000084b00000|  0%| F|  |TAMS 0x0000000084a00000, 0x0000000084a00000| Untracked 
|  21|0x0000000084b00000, 0x0000000084b00000, 0x0000000084c00000|  0%| F|  |TAMS 0x0000000084b00000, 0x0000000084b00000| Untracked 
|  22|0x0000000084c00000, 0x0000000084c00000, 0x0000000084d00000|  0%| F|  |TAMS 0x0000000084c00000, 0x0000000084c00000| Untracked 
|  23|0x0000000084d00000, 0x0000000084d00000, 0x0000000084e00000|  0%| F|  |TAMS 0x0000000084d00000, 0x0000000084d00000| Untracked 
|  24|0x0000000084e00000, 0x0000000084e00000, 0x0000000084f00000|  0%| F|  |TAMS 0x0000000084e00000, 0x0000000084e00000| Untracked 
|  25|0x0000000084f00000, 0x0000000084f00000, 0x0000000085000000|  0%| F|  |TAMS 0x0000000084f00000, 0x0000000084f00000| Untracked 
|  26|0x0000000085000000, 0x0000000085000000, 0x0000000085100000|  0%| F|  |TAMS 0x0000000085000000, 0x0000000085000000| Untracked 
|  27|0x0000000085100000, 0x0000000085100000, 0x0000000085200000|  0%| F|  |TAMS 0x0000000085100000, 0x0000000085100000| Untracked 
|  28|0x0000000085200000, 0x0000000085200000, 0x0000000085300000|  0%| F|  |TAMS 0x0000000085200000, 0x0000000085200000| Untracked 
|  29|0x0000000085300000, 0x0000000085300000, 0x0000000085400000|  0%| F|  |TAMS 0x0000000085300000, 0x0000000085300000| Untracked 
|  30|0x0000000085400000, 0x0000000085400000, 0x0000000085500000|  0%| F|  |TAMS 0x0000000085400000, 0x0000000085400000| Untracked 
|  31|0x0000000085500000, 0x0000000085500000, 0x0000000085600000|  0%| F|  |TAMS 0x0000000085500000, 0x0000000085500000| Untracked 
|  32|0x0000000085600000, 0x0000000085600000, 0x0000000085700000|  0%| F|  |TAMS 0x0000000085600000, 0x0000000085600000| Untracked 
|  33|0x0000000085700000, 0x0000000085700000, 0x0000000085800000|  0%| F|  |TAMS 0x0000000085700000, 0x0000000085700000| Untracked 
|  34|0x0000000085800000, 0x0000000085800000, 0x0000000085900000|  0%| F|  |TAMS 0x0000000085800000, 0x0000000085800000| Untracked 
|  35|0x0000000085900000, 0x0000000085900000, 0x0000000085a00000|  0%| F|  |TAMS 0x0000000085900000, 0x0000000085900000| Untracked 
|  36|0x0000000085a00000, 0x0000000085a00000, 0x0000000085b00000|  0%| F|  |TAMS 0x0000000085a00000, 0x0000000085a00000| Untracked 
|  37|0x0000000085b00000, 0x0000000085b00000, 0x0000000085c00000|  0%| F|  |TAMS 0x0000000085b00000, 0x0000000085b00000| Untracked 
|  38|0x0000000085c00000, 0x0000000085c00000, 0x0000000085d00000|  0%| F|  |TAMS 0x0000000085c00000, 0x0000000085c00000| Untracked 
|  39|0x0000000085d00000, 0x0000000085d00000, 0x0000000085e00000|  0%| F|  |TAMS 0x0000000085d00000, 0x0000000085d00000| Untracked 
|  40|0x0000000085e00000, 0x0000000085e00000, 0x0000000085f00000|  0%| F|  |TAMS 0x0000000085e00000, 0x0000000085e00000| Untracked 
|  41|0x0000000085f00000, 0x0000000085f00000, 0x0000000086000000|  0%| F|  |TAMS 0x0000000085f00000, 0x0000000085f00000| Untracked 
|  42|0x0000000086000000, 0x0000000086000000, 0x0000000086100000|  0%| F|  |TAMS 0x0000000086000000, 0x0000000086000000| Untracked 
|  43|0x0000000086100000, 0x0000000086100000, 0x0000000086200000|  0%| F|  |TAMS 0x0000000086100000, 0x0000000086100000| Untracked 
|  44|0x0000000086200000, 0x0000000086200000, 0x0000000086300000|  0%| F|  |TAMS 0x0000000086200000, 0x0000000086200000| Untracked 
|  45|0x0000000086300000, 0x0000000086300000, 0x0000000086400000|  0%| F|  |TAMS 0x0000000086300000, 0x0000000086300000| Untracked 
|  46|0x0000000086400000, 0x0000000086400000, 0x0000000086500000|  0%| F|  |TAMS 0x0000000086400000, 0x0000000086400000| Untracked 
|  47|0x0000000086500000, 0x0000000086500000, 0x0000000086600000|  0%| F|  |TAMS 0x0000000086500000, 0x0000000086500000| Untracked 
|  48|0x0000000086600000, 0x0000000086600000, 0x0000000086700000|  0%| F|  |TAMS 0x0000000086600000, 0x0000000086600000| Untracked 
|  49|0x0000000086700000, 0x0000000086700000, 0x0000000086800000|  0%| F|  |TAMS 0x0000000086700000, 0x0000000086700000| Untracked 
|  50|0x0000000086800000, 0x0000000086800000, 0x0000000086900000|  0%| F|  |TAMS 0x0000000086800000, 0x0000000086800000| Untracked 
|  51|0x0000000086900000, 0x0000000086900000, 0x0000000086a00000|  0%| F|  |TAMS 0x0000000086900000, 0x0000000086900000| Untracked 
|  52|0x0000000086a00000, 0x0000000086a00000, 0x0000000086b00000|  0%| F|  |TAMS 0x0000000086a00000, 0x0000000086a00000| Untracked 
|  53|0x0000000086b00000, 0x0000000086b00000, 0x0000000086c00000|  0%| F|  |TAMS 0x0000000086b00000, 0x0000000086b00000| Untracked 
|  54|0x0000000086c00000, 0x0000000086c00000, 0x0000000086d00000|  0%| F|  |TAMS 0x0000000086c00000, 0x0000000086c00000| Untracked 
|  55|0x0000000086d00000, 0x0000000086d00000, 0x0000000086e00000|  0%| F|  |TAMS 0x0000000086d00000, 0x0000000086d00000| Untracked 
|  56|0x0000000086e00000, 0x0000000086e00000, 0x0000000086f00000|  0%| F|  |TAMS 0x0000000086e00000, 0x0000000086e00000| Untracked 
|  57|0x0000000086f00000, 0x0000000086f00000, 0x0000000087000000|  0%| F|  |TAMS 0x0000000086f00000, 0x0000000086f00000| Untracked 
|  58|0x0000000087000000, 0x0000000087000000, 0x0000000087100000|  0%| F|  |TAMS 0x0000000087000000, 0x0000000087000000| Untracked 
|  59|0x0000000087100000, 0x0000000087100000, 0x0000000087200000|  0%| F|  |TAMS 0x0000000087100000, 0x0000000087100000| Untracked 
|  60|0x0000000087200000, 0x0000000087200000, 0x0000000087300000|  0%| F|  |TAMS 0x0000000087200000, 0x0000000087200000| Untracked 
|  61|0x0000000087300000, 0x0000000087300000, 0x0000000087400000|  0%| F|  |TAMS 0x0000000087300000, 0x0000000087300000| Untracked 
|  62|0x0000000087400000, 0x0000000087400000, 0x0000000087500000|  0%| F|  |TAMS 0x0000000087400000, 0x0000000087400000| Untracked 
|  63|0x0000000087500000, 0x0000000087500000, 0x0000000087600000|  0%| F|  |TAMS 0x0000000087500000, 0x0000000087500000| Untracked 
|  64|0x0000000087600000, 0x0000000087600000, 0x0000000087700000|  0%| F|  |TAMS 0x0000000087600000, 0x0000000087600000| Untracked 
|  65|0x0000000087700000, 0x0000000087700000, 0x0000000087800000|  0%| F|  |TAMS 0x0000000087700000, 0x0000000087700000| Untracked 
|  66|0x0000000087800000, 0x0000000087800000, 0x0000000087900000|  0%| F|  |TAMS 0x0000000087800000, 0x0000000087800000| Untracked 
|  67|0x0000000087900000, 0x0000000087900000, 0x0000000087a00000|  0%| F|  |TAMS 0x0000000087900000, 0x0000000087900000| Untracked 
|  68|0x0000000087a00000, 0x0000000087a00000, 0x0000000087b00000|  0%| F|  |TAMS 0x0000000087a00000, 0x0000000087a00000| Untracked 
|  69|0x0000000087b00000, 0x0000000087b00000, 0x0000000087c00000|  0%| F|  |TAMS 0x0000000087b00000, 0x0000000087b00000| Untracked 
|  70|0x0000000087c00000, 0x0000000087c00000, 0x0000000087d00000|  0%| F|  |TAMS 0x0000000087c00000, 0x0000000087c00000| Untracked 
|  71|0x0000000087d00000, 0x0000000087d00000, 0x0000000087e00000|  0%| F|  |TAMS 0x0000000087d00000, 0x0000000087d00000| Untracked 
|  72|0x0000000087e00000, 0x0000000087e00000, 0x0000000087f00000|  0%| F|  |TAMS 0x0000000087e00000, 0x0000000087e00000| Untracked 
|  73|0x0000000087f00000, 0x0000000087f00000, 0x0000000088000000|  0%| F|  |TAMS 0x0000000087f00000, 0x0000000087f00000| Untracked 
|  74|0x0000000088000000, 0x0000000088000000, 0x0000000088100000|  0%| F|  |TAMS 0x0000000088000000, 0x0000000088000000| Untracked 
|  75|0x0000000088100000, 0x0000000088100000, 0x0000000088200000|  0%| F|  |TAMS 0x0000000088100000, 0x0000000088100000| Untracked 
|  76|0x0000000088200000, 0x0000000088200000, 0x0000000088300000|  0%| F|  |TAMS 0x0000000088200000, 0x0000000088200000| Untracked 
|  77|0x0000000088300000, 0x0000000088300000, 0x0000000088400000|  0%| F|  |TAMS 0x0000000088300000, 0x0000000088300000| Untracked 
|  78|0x0000000088400000, 0x0000000088400000, 0x0000000088500000|  0%| F|  |TAMS 0x0000000088400000, 0x0000000088400000| Untracked 
|  79|0x0000000088500000, 0x0000000088500000, 0x0000000088600000|  0%| F|  |TAMS 0x0000000088500000, 0x0000000088500000| Untracked 
|  80|0x0000000088600000, 0x0000000088600000, 0x0000000088700000|  0%| F|  |TAMS 0x0000000088600000, 0x0000000088600000| Untracked 
|  81|0x0000000088700000, 0x0000000088700000, 0x0000000088800000|  0%| F|  |TAMS 0x0000000088700000, 0x0000000088700000| Untracked 
|  82|0x0000000088800000, 0x0000000088800000, 0x0000000088900000|  0%| F|  |TAMS 0x0000000088800000, 0x0000000088800000| Untracked 
|  83|0x0000000088900000, 0x0000000088900000, 0x0000000088a00000|  0%| F|  |TAMS 0x0000000088900000, 0x0000000088900000| Untracked 
|  84|0x0000000088a00000, 0x0000000088a00000, 0x0000000088b00000|  0%| F|  |TAMS 0x0000000088a00000, 0x0000000088a00000| Untracked 
|  85|0x0000000088b00000, 0x0000000088b00000, 0x0000000088c00000|  0%| F|  |TAMS 0x0000000088b00000, 0x0000000088b00000| Untracked 
|  86|0x0000000088c00000, 0x0000000088c00000, 0x0000000088d00000|  0%| F|  |TAMS 0x0000000088c00000, 0x0000000088c00000| Untracked 
|  87|0x0000000088d00000, 0x0000000088d00000, 0x0000000088e00000|  0%| F|  |TAMS 0x0000000088d00000, 0x0000000088d00000| Untracked 
|  88|0x0000000088e00000, 0x0000000088e00000, 0x0000000088f00000|  0%| F|  |TAMS 0x0000000088e00000, 0x0000000088e00000| Untracked 
|  89|0x0000000088f00000, 0x0000000088f00000, 0x0000000089000000|  0%| F|  |TAMS 0x0000000088f00000, 0x0000000088f00000| Untracked 
|  90|0x0000000089000000, 0x0000000089000000, 0x0000000089100000|  0%| F|  |TAMS 0x0000000089000000, 0x0000000089000000| Untracked 
|  91|0x0000000089100000, 0x0000000089200000, 0x0000000089200000|100%| E|  |TAMS 0x0000000089100000, 0x0000000089100000| Complete 
|  92|0x0000000089200000, 0x0000000089300000, 0x0000000089300000|100%| E|CS|TAMS 0x0000000089200000, 0x0000000089200000| Complete 
|  93|0x0000000089300000, 0x0000000089400000, 0x0000000089400000|100%| E|CS|TAMS 0x0000000089300000, 0x0000000089300000| Complete 
|  94|0x0000000089400000, 0x0000000089500000, 0x0000000089500000|100%| E|CS|TAMS 0x0000000089400000, 0x0000000089400000| Complete 
|  95|0x0000000089500000, 0x0000000089600000, 0x0000000089600000|100%| E|CS|TAMS 0x0000000089500000, 0x0000000089500000| Complete 
|  96|0x0000000089600000, 0x0000000089700000, 0x0000000089700000|100%| E|CS|TAMS 0x0000000089600000, 0x0000000089600000| Complete 
|  97|0x0000000089700000, 0x0000000089800000, 0x0000000089800000|100%| E|CS|TAMS 0x0000000089700000, 0x0000000089700000| Complete 
|  98|0x0000000089800000, 0x0000000089884f58, 0x0000000089900000| 51%| S|CS|TAMS 0x0000000089800000, 0x0000000089800000| Complete 
|  99|0x0000000089900000, 0x0000000089a00000, 0x0000000089a00000|100%| S|CS|TAMS 0x0000000089900000, 0x0000000089900000| Complete 
| 100|0x0000000089a00000, 0x0000000089b00000, 0x0000000089b00000|100%| E|CS|TAMS 0x0000000089a00000, 0x0000000089a00000| Complete 
| 101|0x0000000089b00000, 0x0000000089c00000, 0x0000000089c00000|100%| E|CS|TAMS 0x0000000089b00000, 0x0000000089b00000| Complete 
| 102|0x0000000089c00000, 0x0000000089d00000, 0x0000000089d00000|100%| E|CS|TAMS 0x0000000089c00000, 0x0000000089c00000| Complete 
| 103|0x0000000089d00000, 0x0000000089e00000, 0x0000000089e00000|100%| E|CS|TAMS 0x0000000089d00000, 0x0000000089d00000| Complete 
| 104|0x0000000089e00000, 0x0000000089f00000, 0x0000000089f00000|100%| E|CS|TAMS 0x0000000089e00000, 0x0000000089e00000| Complete 
| 105|0x0000000089f00000, 0x000000008a000000, 0x000000008a000000|100%| E|CS|TAMS 0x0000000089f00000, 0x0000000089f00000| Complete 
| 106|0x000000008a000000, 0x000000008a100000, 0x000000008a100000|100%| E|CS|TAMS 0x000000008a000000, 0x000000008a000000| Complete 
| 107|0x000000008a100000, 0x000000008a200000, 0x000000008a200000|100%| E|CS|TAMS 0x000000008a100000, 0x000000008a100000| Complete 
| 108|0x000000008a200000, 0x000000008a300000, 0x000000008a300000|100%| E|CS|TAMS 0x000000008a200000, 0x000000008a200000| Complete 
| 109|0x000000008a300000, 0x000000008a400000, 0x000000008a400000|100%| E|CS|TAMS 0x000000008a300000, 0x000000008a300000| Complete 
| 110|0x000000008a400000, 0x000000008a500000, 0x000000008a500000|100%| E|CS|TAMS 0x000000008a400000, 0x000000008a400000| Complete 
| 111|0x000000008a500000, 0x000000008a600000, 0x000000008a600000|100%| E|CS|TAMS 0x000000008a500000, 0x000000008a500000| Complete 
| 112|0x000000008a600000, 0x000000008a700000, 0x000000008a700000|100%| E|CS|TAMS 0x000000008a600000, 0x000000008a600000| Complete 
| 113|0x000000008a700000, 0x000000008a800000, 0x000000008a800000|100%| E|CS|TAMS 0x000000008a700000, 0x000000008a700000| Complete 
| 114|0x000000008a800000, 0x000000008a900000, 0x000000008a900000|100%| E|CS|TAMS 0x000000008a800000, 0x000000008a800000| Complete 
| 115|0x000000008a900000, 0x000000008aa00000, 0x000000008aa00000|100%| E|CS|TAMS 0x000000008a900000, 0x000000008a900000| Complete 
| 116|0x000000008aa00000, 0x000000008ab00000, 0x000000008ab00000|100%| E|CS|TAMS 0x000000008aa00000, 0x000000008aa00000| Complete 
| 117|0x000000008ab00000, 0x000000008ac00000, 0x000000008ac00000|100%| E|CS|TAMS 0x000000008ab00000, 0x000000008ab00000| Complete 
| 118|0x000000008ac00000, 0x000000008ad00000, 0x000000008ad00000|100%| E|CS|TAMS 0x000000008ac00000, 0x000000008ac00000| Complete 
| 119|0x000000008ad00000, 0x000000008ae00000, 0x000000008ae00000|100%| E|CS|TAMS 0x000000008ad00000, 0x000000008ad00000| Complete 
| 120|0x000000008ae00000, 0x000000008af00000, 0x000000008af00000|100%| E|CS|TAMS 0x000000008ae00000, 0x000000008ae00000| Complete 
| 121|0x000000008af00000, 0x000000008b000000, 0x000000008b000000|100%| E|CS|TAMS 0x000000008af00000, 0x000000008af00000| Complete 
| 122|0x000000008b000000, 0x000000008b100000, 0x000000008b100000|100%| E|CS|TAMS 0x000000008b000000, 0x000000008b000000| Complete 
| 123|0x000000008b100000, 0x000000008b200000, 0x000000008b200000|100%| E|CS|TAMS 0x000000008b100000, 0x000000008b100000| Complete 
| 124|0x000000008b200000, 0x000000008b300000, 0x000000008b300000|100%| E|CS|TAMS 0x000000008b200000, 0x000000008b200000| Complete 
| 125|0x000000008b300000, 0x000000008b400000, 0x000000008b400000|100%| E|CS|TAMS 0x000000008b300000, 0x000000008b300000| Complete 

Card table byte_map: [0x000001a7f27e0000,0x000001a7f2bd0000] _byte_map_base: 0x000001a7f23c5000

Marking Bits (Prev, Next): (CMBitMap*) 0x000001a7dacb9d50, (CMBitMap*) 0x000001a7dacb9d90
 Prev Bits: [0x000001a7f2fc0000, 0x000001a7f4ee8000)
 Next Bits: [0x000001a7f4ef0000, 0x000001a7f6e18000)

Polling page: 0x000001a7d8a10000

Metaspace:

Usage:
  Non-class:     15.17 MB capacity,    14.97 MB ( 99%) used,   177.01 KB (  1%) free+waste,    23.12 KB ( <1%) overhead. 
      Class:      2.02 MB capacity,     1.92 MB ( 95%) used,    84.70 KB (  4%) free+waste,     9.44 KB ( <1%) overhead. 
       Both:     17.18 MB capacity,    16.89 MB ( 98%) used,   261.70 KB (  1%) free+waste,    32.56 KB ( <1%) overhead. 

Virtual space:
  Non-class space:       16.00 MB reserved,      15.25 MB ( 95%) committed 
      Class space:        1.00 GB reserved,       2.12 MB ( <1%) committed 
             Both:        1.02 GB reserved,      17.38 MB (  2%) committed 

Chunk freelists:
   Non-Class:  23.00 KB
       Class:  16.00 KB
        Both:  39.00 KB

MaxMetaspaceSize: 17179869184.00 GB
CompressedClassSpaceSize: 1.00 GB

CodeHeap 'non-profiled nmethods': size=120000Kb used=816Kb max_used=816Kb free=119183Kb
 bounds [0x000001a7ea970000, 0x000001a7eabe0000, 0x000001a7f1ea0000]
CodeHeap 'profiled nmethods': size=120000Kb used=3262Kb max_used=3262Kb free=116737Kb
 bounds [0x000001a7e3440000, 0x000001a7e3770000, 0x000001a7ea970000]
CodeHeap 'non-nmethods': size=5760Kb used=1214Kb max_used=1261Kb free=4545Kb
 bounds [0x000001a7e2ea0000, 0x000001a7e3110000, 0x000001a7e3440000]
 total_blobs=2279 nmethods=1795 adapters=397
 compilation: enabled
              stopped_count=0, restarted_count=0
 full_count=0

Compilation events (20 events):
Event: 3.013 Thread 0x000001a7f9aaf820 nmethod 1717 0x000001a7e3747110 code [0x000001a7e3747540, 0x000001a7e3749808]
Event: 3.013 Thread 0x000001a7f9aaf820 1720       1       io.cucumber.messages.internal.com.fasterxml.jackson.databind.type.SimpleType::isContainerType (2 bytes)
Event: 3.013 Thread 0x000001a7f9aaf820 nmethod 1720 0x000001a7eaa35710 code [0x000001a7eaa358a0, 0x000001a7eaa35958]
Event: 3.013 Thread 0x000001a7f9aaf820 1718       1       java.lang.reflect.Field::getName (5 bytes)
Event: 3.013 Thread 0x000001a7f9aaf820 nmethod 1718 0x000001a7eaa35a10 code [0x000001a7eaa35ba0, 0x000001a7eaa35c58]
Event: 3.013 Thread 0x000001a7f9aaf820 1719       1       java.lang.reflect.Method::getAnnotationBytes (5 bytes)
Event: 3.013 Thread 0x000001a7f9aaf820 nmethod 1719 0x000001a7eaa35d10 code [0x000001a7eaa35ea0, 0x000001a7eaa35f58]
Event: 3.015 Thread 0x000001a7f9aaf820 1721       3       java.nio.Buffer::remaining (10 bytes)
Event: 3.015 Thread 0x000001a7f9aaf820 nmethod 1721 0x000001a7e374a390 code [0x000001a7e374a520, 0x000001a7e374a618]
Event: 3.016 Thread 0x000001a7f9aaf820 1722       3       io.cucumber.messages.internal.com.fasterxml.jackson.databind.introspect.MemberKey::hashCode (14 bytes)
Event: 3.016 Thread 0x000001a7f9aaf820 nmethod 1722 0x000001a7e374a690 code [0x000001a7e374a840, 0x000001a7e374a988]
Event: 3.016 Thread 0x000001a7f9aaf820 1723       3       io.cucumber.messages.internal.com.fasterxml.jackson.databind.introspect.Annotated::<init> (5 bytes)
Event: 3.017 Thread 0x000001a7f9aaf820 nmethod 1723 0x000001a7e374aa90 code [0x000001a7e374ac20, 0x000001a7e374ad78]
Event: 3.022 Thread 0x000001a7f9aaf820 1724       3       io.cucumber.messages.internal.com.fasterxml.jackson.databind.introspect.AnnotationCollector::emptyCollector (4 bytes)
Event: 3.023 Thread 0x000001a7f9aaf820 nmethod 1724 0x000001a7e374ae10 code [0x000001a7e374afa0, 0x000001a7e374b098]
Event: 3.024 Thread 0x000001a7f9aaf820 1725       3       java.util.ArrayList::toArray (57 bytes)
Event: 3.024 Thread 0x000001a7f9aaf820 nmethod 1725 0x000001a7e374b110 code [0x000001a7e374b2e0, 0x000001a7e374b858]
Event: 3.024 Thread 0x000001a7f9aaf820 1726       3       io.cucumber.messages.internal.com.fasterxml.jackson.databind.type.TypeFactory::_fromAny (173 bytes)
Event: 3.025 Thread 0x000001a7f9aaf820 nmethod 1726 0x000001a7e374b990 code [0x000001a7e374bce0, 0x000001a7e374d618]
Event: 3.025 Thread 0x000001a7f9aaf820 1727       3       io.cucumber.messages.internal.com.fasterxml.jackson.databind.type.TypeFactory::_applyModifiers (121 bytes)

GC Heap History (4 events):
Event: 1.359 GC heap before
{Heap before GC invocations=0 (full 0):
 garbage-first heap   total 129024K, used 23552K [0x0000000083600000, 0x0000000100000000)
  region size 1024K, 23 young (23552K), 0 survivors (0K)
 Metaspace       used 5200K, capacity 6017K, committed 6272K, reserved 1056768K
  class space    used 521K, capacity 577K, committed 640K, reserved 1048576K
}
Event: 1.397 GC heap after
{Heap after GC invocations=1 (full 0):
 garbage-first heap   total 129024K, used 8678K [0x0000000083600000, 0x0000000100000000)
  region size 1024K, 3 young (3072K), 3 survivors (3072K)
 Metaspace       used 5200K, capacity 6017K, committed 6272K, reserved 1056768K
  class space    used 521K, capacity 577K, committed 640K, reserved 1048576K
}
Event: 2.036 GC heap before
{Heap before GC invocations=1 (full 0):
 garbage-first heap   total 129024K, used 32230K [0x0000000083600000, 0x0000000100000000)
  region size 1024K, 26 young (26624K), 3 survivors (3072K)
 Metaspace       used 10479K, capacity 10697K, committed 11008K, reserved 1058816K
  class space    used 1131K, capacity 1195K, committed 1280K, reserved 1048576K
}
Event: 2.052 GC heap after
{Heap after GC invocations=2 (full 0):
 garbage-first heap   total 129024K, used 10306K [0x0000000083600000, 0x0000000100000000)
  region size 1024K, 2 young (2048K), 2 survivors (2048K)
 Metaspace       used 10479K, capacity 10697K, committed 11008K, reserved 1058816K
  class space    used 1131K, capacity 1195K, committed 1280K, reserved 1048576K
}

Deoptimization events (20 events):
Event: 2.454 Thread 0x000001a7dac78ec0 Uncommon trap: trap_request=0xffffff45 fr.pc=0x000001a7ea975fb4 relative=0x0000000000000034
Event: 2.454 Thread 0x000001a7dac78ec0 Uncommon trap: reason=unstable_if action=reinterpret pc=0x000001a7ea975fb4 method=java.lang.StringLatin1.canEncode(I)Z @ 4 c2
Event: 2.454 Thread 0x000001a7dac78ec0 DEOPT PACKING pc=0x000001a7ea975fb4 sp=0x0000000421efbcd0
Event: 2.454 Thread 0x000001a7dac78ec0 DEOPT UNPACKING pc=0x000001a7e2eee42f sp=0x0000000421efbc60 mode 2
Event: 2.454 Thread 0x000001a7dac78ec0 Uncommon trap: trap_request=0xffffff45 fr.pc=0x000001a7ea9c17c4 relative=0x00000000000003a4
Event: 2.454 Thread 0x000001a7dac78ec0 Uncommon trap: reason=unstable_if action=reinterpret pc=0x000001a7ea9c17c4 method=java.lang.AbstractStringBuilder.isLatin1()Z @ 10 c2
Event: 2.454 Thread 0x000001a7dac78ec0 DEOPT PACKING pc=0x000001a7ea9c17c4 sp=0x0000000421efbdd0
Event: 2.454 Thread 0x000001a7dac78ec0 DEOPT UNPACKING pc=0x000001a7e2eee42f sp=0x0000000421efbd50 mode 2
Event: 2.458 Thread 0x000001a7dac78ec0 Uncommon trap: trap_request=0xffffff45 fr.pc=0x000001a7eaa1282c relative=0x000000000000040c
Event: 2.458 Thread 0x000001a7dac78ec0 Uncommon trap: reason=unstable_if action=reinterpret pc=0x000001a7eaa1282c method=java.lang.String.<init>([CIILjava/lang/Void;)V @ 43 c2
Event: 2.458 Thread 0x000001a7dac78ec0 DEOPT PACKING pc=0x000001a7eaa1282c sp=0x0000000421efbd20
Event: 2.458 Thread 0x000001a7dac78ec0 DEOPT UNPACKING pc=0x000001a7e2eee42f sp=0x0000000421efbce0 mode 2
Event: 2.658 Thread 0x000001a7dac78ec0 Uncommon trap: trap_request=0xffffff45 fr.pc=0x000001a7eaa11070 relative=0x0000000000001690
Event: 2.658 Thread 0x000001a7dac78ec0 Uncommon trap: reason=unstable_if action=reinterpret pc=0x000001a7eaa11070 method=java.util.concurrent.ConcurrentHashMap.transfer([Ljava/util/concurrent/ConcurrentHashMap$Node;[Ljava/util/concurrent/ConcurrentHashMap$Node;)V @ 26 c2
Event: 2.658 Thread 0x000001a7dac78ec0 DEOPT PACKING pc=0x000001a7eaa11070 sp=0x0000000421efb860
Event: 2.658 Thread 0x000001a7dac78ec0 DEOPT UNPACKING pc=0x000001a7e2eee42f sp=0x0000000421efb7d0 mode 2
Event: 3.022 Thread 0x000001a7dac78ec0 Uncommon trap: trap_request=0xffffff45 fr.pc=0x000001a7ea9c94a8 relative=0x0000000000000288
Event: 3.022 Thread 0x000001a7dac78ec0 Uncommon trap: reason=unstable_if action=reinterpret pc=0x000001a7ea9c94a8 method=java.util.concurrent.ConcurrentHashMap.get(Ljava/lang/Object;)Ljava/lang/Object; @ 152 c2
Event: 3.022 Thread 0x000001a7dac78ec0 DEOPT PACKING pc=0x000001a7ea9c94a8 sp=0x0000000421efc5b0
Event: 3.022 Thread 0x000001a7dac78ec0 DEOPT UNPACKING pc=0x000001a7e2eee42f sp=0x0000000421efc528 mode 2

Classes unloaded (0 events):
No events

Classes redefined (0 events):
No events

Internal exceptions (20 events):
Event: 2.115 Thread 0x000001a7dac78ec0 Exception <a 'java/lang/NoSuchMethodError'{0x000000008b15a638}: 'java.lang.Object java.lang.invoke.DirectMethodHandle$Holder.invokeVirtual(java.lang.Object, java.lang.Object, java.lang.Object)'> (0x000000008b15a638) 
thrown [./open/src/hotspot/share/interpreter/linkResolver.cpp, line 782]
Event: 2.118 Thread 0x000001a7dac78ec0 Exception <a 'java/lang/IncompatibleClassChangeError'{0x000000008b16b880}: Found class java.lang.Object, but interface was expected> (0x000000008b16b880) 
thrown [./open/src/hotspot/share/interpreter/linkResolver.cpp, line 848]
Event: 2.118 Thread 0x000001a7dac78ec0 Exception <a 'java/lang/IncompatibleClassChangeError'{0x000000008b16f0d0}: Found class java.lang.Object, but interface was expected> (0x000000008b16f0d0) 
thrown [./open/src/hotspot/share/interpreter/linkResolver.cpp, line 848]
Event: 2.152 Thread 0x000001a7dac78ec0 Exception <a 'java/lang/NoSuchMethodError'{0x000000008b01dfb8}: 'java.lang.Object java.lang.invoke.DirectMethodHandle$Holder.invokeInterface(java.lang.Object, java.lang.Object, java.lang.Object)'> (0x000000008b01dfb8) 
thrown [./open/src/hotspot/share/interpreter/linkResolver.cpp, line 782]
Event: 2.158 Thread 0x000001a7dac78ec0 Exception <a 'java/lang/NoSuchMethodError'{0x000000008b03b988}: 'java.lang.Object java.lang.invoke.DirectMethodHandle$Holder.invokeSpecialIFC(java.lang.Object, java.lang.Object, java.lang.Object, java.lang.Object)'> (0x000000008b03b988) 
thrown [./open/src/hotspot/share/interpreter/linkResolver.cpp, line 782]
Event: 2.193 Thread 0x000001a7dac78ec0 Exception <a 'java/lang/NoSuchMethodError'{0x000000008b0fcdc0}: 'int java.lang.invoke.DirectMethodHandle$Holder.invokeSpecialIFC(java.lang.Object, java.lang.Object, java.lang.Object, java.lang.Object, java.lang.Object)'> (0x000000008b0fcdc0) 
thrown [./open/src/hotspot/share/interpreter/linkResolver.cpp, line 782]
Event: 2.279 Thread 0x000001a7dac78ec0 Exception <a 'sun/nio/fs/WindowsException'{0x000000008aeba7d8}> (0x000000008aeba7d8) 
thrown [./open/src/hotspot/share/prims/jni.cpp, line 578]
Event: 2.288 Thread 0x000001a7dac78ec0 Exception <a 'sun/nio/fs/WindowsException'{0x000000008aee2060}> (0x000000008aee2060) 
thrown [./open/src/hotspot/share/prims/jni.cpp, line 578]
Event: 2.294 Thread 0x000001a7dac78ec0 Exception <a 'sun/nio/fs/WindowsException'{0x000000008aef4638}> (0x000000008aef4638) 
thrown [./open/src/hotspot/share/prims/jni.cpp, line 578]
Event: 2.314 Thread 0x000001a7dac78ec0 Exception <a 'java/lang/NoSuchMethodError'{0x000000008ad36438}: 'java.lang.Object java.lang.invoke.DirectMethodHandle$Holder.invokeStatic(java.lang.Object, java.lang.Object, int)'> (0x000000008ad36438) 
thrown [./open/src/hotspot/share/interpreter/linkResolver.cpp, line 782]
Event: 2.316 Thread 0x000001a7dac78ec0 Exception <a 'java/lang/NoSuchMethodError'{0x000000008ad41c78}: 'void java.lang.invoke.DelegatingMethodHandle$Holder.delegate(java.lang.Object, java.lang.Object, int, java.lang.Object)'> (0x000000008ad41c78) 
thrown [./open/src/hotspot/share/interpreter/linkResolver.cpp, line 782]
Event: 2.365 Thread 0x000001a7dac78ec0 Exception <a 'java/lang/NoSuchMethodError'{0x000000008ac394d8}: 'java.lang.Object java.lang.invoke.DirectMethodHandle$Holder.newInvokeSpecial(java.lang.Object, java.lang.Object, java.lang.Object, java.lang.Object, java.lang.Object, java.lang.Object)'> (0x000000008ac394d8) 
thrown [./open/src/hotspot/share/interpreter/linkResolver.cpp, line 782]
Event: 2.368 Thread 0x000001a7dac78ec0 Exception <a 'java/lang/NoSuchMethodError'{0x000000008ac49e30}: 'void java.lang.invoke.DirectMethodHandle$Holder.invokeStaticInit(java.lang.Object)'> (0x000000008ac49e30) 
thrown [./open/src/hotspot/share/interpreter/linkResolver.cpp, line 782]
Event: 2.372 Thread 0x000001a7dac78ec0 Exception <a 'sun/nio/fs/WindowsException'{0x000000008ac4f8b8}> (0x000000008ac4f8b8) 
thrown [./open/src/hotspot/share/prims/jni.cpp, line 578]
Event: 2.380 Thread 0x000001a7dac78ec0 Exception <a 'java/lang/NoSuchMethodError'{0x000000008ac65430}: 'java.lang.Object java.lang.invoke.DirectMethodHandle$Holder.invokeSpecialIFC(java.lang.Object, java.lang.Object, java.lang.Object, java.lang.Object, java.lang.Object)'> (0x000000008ac65430) 
thrown [./open/src/hotspot/share/interpreter/linkResolver.cpp, line 782]
Event: 2.949 Thread 0x000001a7dac78ec0 Exception <a 'java/lang/NoSuchMethodError'{0x0000000089469d48}: 'java.lang.Object java.lang.invoke.DirectMethodHandle$Holder.newInvokeSpecial(java.lang.Object, java.lang.Object, java.lang.Object, java.lang.Object, java.lang.Object)'> (0x0000000089469d48) 
thrown [./open/src/hotspot/share/interpreter/linkResolver.cpp, line 782]
Event: 2.950 Thread 0x000001a7dac78ec0 Exception <a 'sun/nio/fs/WindowsException'{0x000000008946df98}> (0x000000008946df98) 
thrown [./open/src/hotspot/share/prims/jni.cpp, line 578]
Event: 2.954 Thread 0x000001a7dac78ec0 Exception <a 'java/lang/NoSuchMethodError'{0x00000000894826d8}: 'void java.lang.invoke.DirectMethodHandle$Holder.invokeSpecial(java.lang.Object, java.lang.Object, java.lang.Object, java.lang.Object, java.lang.Object)'> (0x00000000894826d8) 
thrown [./open/src/hotspot/share/interpreter/linkResolver.cpp, line 782]
Event: 3.006 Thread 0x000001a7dac78ec0 Exception <a 'java/lang/IncompatibleClassChangeError'{0x00000000893ce1e0}: Found class java.lang.Object, but interface was expected> (0x00000000893ce1e0) 
thrown [./open/src/hotspot/share/interpreter/linkResolver.cpp, line 848]
Event: 3.010 Thread 0x000001a7dac78ec0 Exception <a 'java/lang/NoSuchMethodError'{0x00000000893e2530}: 'int java.lang.invoke.DirectMethodHandle$Holder.invokeSpecialIFC(java.lang.Object, java.lang.Object, java.lang.Object, java.lang.Object)'> (0x00000000893e2530) 
thrown [./open/src/hotspot/share/interpreter/linkResolver.cpp, line 782]

Events (20 events):
Event: 2.959 loading class java/lang/annotation/Repeatable
Event: 2.959 loading class java/lang/annotation/Repeatable done
Event: 2.971 loading class java/lang/annotation/ElementType
Event: 2.971 loading class java/lang/annotation/ElementType done
Event: 3.007 loading class java/util/stream/ReduceOps$1
Event: 3.007 loading class java/util/stream/ReduceOps$1 done
Event: 3.007 loading class java/util/stream/ReduceOps$1ReducingSink
Event: 3.007 loading class java/util/stream/ReduceOps$1ReducingSink done
Event: 3.016 loading class sun/reflect/generics/scope/ConstructorScope
Event: 3.016 loading class sun/reflect/generics/scope/ConstructorScope done
Event: 3.017 loading class sun/reflect/generics/repository/ConstructorRepository
Event: 3.017 loading class sun/reflect/generics/repository/ConstructorRepository done
Event: 3.017 loading class sun/reflect/generics/tree/VoidDescriptor
Event: 3.017 loading class sun/reflect/generics/tree/VoidDescriptor done
Event: 3.017 loading class sun/reflect/generics/tree/MethodTypeSignature
Event: 3.017 loading class sun/reflect/generics/tree/MethodTypeSignature done
Event: 3.021 loading class sun/reflect/generics/scope/MethodScope
Event: 3.021 loading class sun/reflect/generics/scope/MethodScope done
Event: 3.021 loading class sun/reflect/generics/repository/MethodRepository
Event: 3.021 loading class sun/reflect/generics/repository/MethodRepository done


Dynamic libraries:
0x00007ff6b1610000 - 0x00007ff6b161f000 	C:\Program Files\Java\jdk-15.0.1\bin\javaw.exe
0x00007ff9cd540000 - 0x00007ff9cd749000 	C:\WINDOWS\SYSTEM32\ntdll.dll
0x00007ff9cc600000 - 0x00007ff9cc6bd000 	C:\WINDOWS\System32\KERNEL32.DLL
0x00007ff9cad40000 - 0x00007ff9cb0b4000 	C:\WINDOWS\System32\KERNELBASE.dll
0x00007ff9cb2c0000 - 0x00007ff9cb3d1000 	C:\WINDOWS\System32\ucrtbase.dll
0x00007ff9b33c0000 - 0x00007ff9b33d8000 	C:\Program Files\Java\jdk-15.0.1\bin\jli.dll
0x00007ff9b0bc0000 - 0x00007ff9b0bd9000 	C:\Program Files\Java\jdk-15.0.1\bin\VCRUNTIME140.dll
0x00007ff9cc550000 - 0x00007ff9cc5fe000 	C:\WINDOWS\System32\ADVAPI32.dll
0x00007ff9cd370000 - 0x00007ff9cd413000 	C:\WINDOWS\System32\msvcrt.dll
0x00007ff9cb4e0000 - 0x00007ff9cb57e000 	C:\WINDOWS\System32\sechost.dll
0x00007ff9cc430000 - 0x00007ff9cc550000 	C:\WINDOWS\System32\RPCRT4.dll
0x00007ff9cd0d0000 - 0x00007ff9cd27c000 	C:\WINDOWS\System32\USER32.dll
0x00007ff9cb290000 - 0x00007ff9cb2b6000 	C:\WINDOWS\System32\win32u.dll
0x00007ff9bd780000 - 0x00007ff9bda25000 	C:\WINDOWS\WinSxS\amd64_microsoft.windows.common-controls_6595b64144ccf1df_6.0.22000.120_none_9d947278b86cc467\COMCTL32.dll
0x00007ff9cb580000 - 0x00007ff9cb5a9000 	C:\WINDOWS\System32\GDI32.dll
0x00007ff9caba0000 - 0x00007ff9cacb2000 	C:\WINDOWS\System32\gdi32full.dll
0x00007ff9cb130000 - 0x00007ff9cb1cd000 	C:\WINDOWS\System32\msvcp_win.dll
0x00007ff9be2e0000 - 0x00007ff9be2ea000 	C:\WINDOWS\SYSTEM32\VERSION.dll
0x00007ff9cd4c0000 - 0x00007ff9cd4f1000 	C:\WINDOWS\System32\IMM32.DLL
0x00007ff9c0e70000 - 0x00007ff9c0e7c000 	C:\Program Files\Java\jdk-15.0.1\bin\vcruntime140_1.dll
0x00007ff998240000 - 0x00007ff9982d1000 	C:\Program Files\Java\jdk-15.0.1\bin\msvcp140.dll
0x00007ff948b60000 - 0x00007ff9496be000 	C:\Program Files\Java\jdk-15.0.1\bin\server\jvm.dll
0x00007ff9cd4b0000 - 0x00007ff9cd4b8000 	C:\WINDOWS\System32\PSAPI.DLL
0x00007ff9c85e0000 - 0x00007ff9c8613000 	C:\WINDOWS\SYSTEM32\WINMM.dll
0x00007ff9c6bc0000 - 0x00007ff9c6bc9000 	C:\WINDOWS\SYSTEM32\WSOCK32.dll
0x00007ff9cd440000 - 0x00007ff9cd4af000 	C:\WINDOWS\System32\WS2_32.dll
0x00007ff9c9bf0000 - 0x00007ff9c9c08000 	C:\WINDOWS\SYSTEM32\kernel.appcore.dll
0x00007ff9bd730000 - 0x00007ff9bd73a000 	C:\Program Files\Java\jdk-15.0.1\bin\jimage.dll
0x00007ff9c83b0000 - 0x00007ff9c85d1000 	C:\WINDOWS\SYSTEM32\DBGHELP.DLL
0x00007ff9c8350000 - 0x00007ff9c8381000 	C:\WINDOWS\SYSTEM32\dbgcore.DLL
0x00007ff9cacc0000 - 0x00007ff9cad3f000 	C:\WINDOWS\System32\bcryptPrimitives.dll
0x00007ff9ab310000 - 0x00007ff9ab335000 	C:\Program Files\Java\jdk-15.0.1\bin\java.dll
0x00007ff9cc6c0000 - 0x00007ff9cce6e000 	C:\WINDOWS\System32\SHELL32.dll
0x00007ff9c8b70000 - 0x00007ff9c93d7000 	C:\WINDOWS\SYSTEM32\windows.storage.dll
0x00007ff9cc0b0000 - 0x00007ff9cc428000 	C:\WINDOWS\System32\combase.dll
0x00007ff9c8a00000 - 0x00007ff9c8b66000 	C:\WINDOWS\SYSTEM32\wintypes.dll
0x00007ff9cd280000 - 0x00007ff9cd36a000 	C:\WINDOWS\System32\SHCORE.dll
0x00007ff9cb6a0000 - 0x00007ff9cb6fd000 	C:\WINDOWS\System32\shlwapi.dll
0x00007ff9ca960000 - 0x00007ff9ca981000 	C:\WINDOWS\SYSTEM32\profapi.dll
0x00007ff9b0ba0000 - 0x00007ff9b0bb9000 	C:\Program Files\Java\jdk-15.0.1\bin\net.dll
0x00007ff9c1880000 - 0x00007ff9c198c000 	C:\WINDOWS\SYSTEM32\WINHTTP.dll
0x00007ff9ca050000 - 0x00007ff9ca0b7000 	C:\WINDOWS\system32\mswsock.dll
0x00007ff9aa2d0000 - 0x00007ff9aa2e2000 	C:\Program Files\Java\jdk-15.0.1\bin\nio.dll
0x00007ff9aa2b0000 - 0x00007ff9aa2c8000 	C:\Program Files\Java\jdk-15.0.1\bin\zip.dll
0x00007ff9c96c0000 - 0x00007ff9c97a7000 	C:\WINDOWS\SYSTEM32\DNSAPI.dll
0x00007ff9c9690000 - 0x00007ff9c96bd000 	C:\WINDOWS\SYSTEM32\IPHLPAPI.DLL
0x00007ff9cbe30000 - 0x00007ff9cbe39000 	C:\WINDOWS\System32\NSI.dll
0x00007ff9bd770000 - 0x00007ff9bd77a000 	C:\Windows\System32\rasadhlp.dll
0x00007ff9bdd50000 - 0x00007ff9bddd1000 	C:\WINDOWS\System32\fwpuclnt.dll
0x00007ff9ca290000 - 0x00007ff9ca2a8000 	C:\WINDOWS\SYSTEM32\CRYPTSP.dll
0x00007ff9c9b50000 - 0x00007ff9c9b85000 	C:\WINDOWS\system32\rsaenh.dll
0x00007ff9ca140000 - 0x00007ff9ca169000 	C:\WINDOWS\SYSTEM32\USERENV.dll
0x00007ff9ca410000 - 0x00007ff9ca437000 	C:\WINDOWS\SYSTEM32\bcrypt.dll
0x00007ff9ca2b0000 - 0x00007ff9ca2bc000 	C:\WINDOWS\SYSTEM32\CRYPTBASE.dll
0x00007ff9c1700000 - 0x00007ff9c1719000 	C:\WINDOWS\SYSTEM32\dhcpcsvc6.DLL
0x00007ff9c2110000 - 0x00007ff9c212e000 	C:\WINDOWS\SYSTEM32\dhcpcsvc.DLL
0x00007ff9bd6c0000 - 0x00007ff9bd6d0000 	C:\Program Files\Java\jdk-15.0.1\bin\verify.dll
0x00007ff99f7a0000 - 0x00007ff99f7b7000 	C:\WINDOWS\system32\napinsp.dll
0x00007ff99f780000 - 0x00007ff99f79b000 	C:\WINDOWS\system32\pnrpnsp.dll
0x00007ff99f610000 - 0x00007ff99f622000 	C:\WINDOWS\System32\winrnr.dll
0x00007ff9be330000 - 0x00007ff9be345000 	C:\WINDOWS\system32\wshbth.dll
0x00007ff99fbf0000 - 0x00007ff99fc0f000 	C:\WINDOWS\system32\nlansp_c.dll
0x00007ff9b6740000 - 0x00007ff9b6749000 	C:\Program Files\Java\jdk-15.0.1\bin\management.dll
0x00007ff9b65b0000 - 0x00007ff9b65bb000 	C:\Program Files\Java\jdk-15.0.1\bin\management_ext.dll

dbghelp: loaded successfully - version: 4.0.5 - missing functions: none
symbol engine: initialized successfully - sym options: 0x614 - pdb path: .;C:\Program Files\Java\jdk-15.0.1\bin;C:\WINDOWS\SYSTEM32;C:\WINDOWS\WinSxS\amd64_microsoft.windows.common-controls_6595b64144ccf1df_6.0.22000.120_none_9d947278b86cc467;C:\Program Files\Java\jdk-15.0.1\bin\server

VM Arguments:
jvm_args: -ea -Dfile.encoding=Cp1252 -XX:+ShowCodeDetailsInExceptionMessages 
java_command: org.testng.remote.RemoteTestNG -serport 53680 -protocol json -d C:\Users\Mahmoud\eclipse-workspace\AutomationFramework\test-output C:\Users\Mahmoud\AppData\Local\Temp\testng-eclipse--188849093\testng-customsuite.xml
java_class_path (initial): C:\Users\Mahmoud\Downloads\eclipse\configuration\org.eclipse.osgi\929\0\.cp\lib\testng-remote.jar;C:\Users\Mahmoud\eclipse-workspace\AutomationFramework\target\test-classes;C:\Users\Mahmoud\eclipse-workspace\AutomationFramework\target\classes;C:\Users\Mahmoud\.m2\repository\org\seleniumhq\selenium\selenium-java\4.1.1\selenium-java-4.1.1.jar;C:\Users\Mahmoud\.m2\repository\org\seleniumhq\selenium\selenium-api\4.1.1\selenium-api-4.1.1.jar;C:\Users\Mahmoud\.m2\repository\org\seleniumhq\selenium\selenium-chrome-driver\4.1.1\selenium-chrome-driver-4.1.1.jar;C:\Users\Mahmoud\.m2\repository\com\google\auto\service\auto-service-annotations\1.0.1\auto-service-annotations-1.0.1.jar;C:\Users\Mahmoud\.m2\repository\com\google\auto\service\auto-service\1.0.1\auto-service-1.0.1.jar;C:\Users\Mahmoud\.m2\repository\com\google\auto\auto-common\1.2\auto-common-1.2.jar;C:\Users\Mahmoud\.m2\repository\org\seleniumhq\selenium\selenium-chromium-driver\4.1.1\selenium-chromium-driver-4.1.1.jar;C:\Users\Mahmoud\.m2\repository\org\seleniumhq\selenium\selenium-json\4.1.1\selenium-json-4.1.1.jar;C:\Users\Mahmoud\.m2\repository\org\seleniumhq\selenium\selenium-devtools-v85\4.1.1\selenium-devtools-v85-4.1.1.jar;C:\Users\Mahmoud\.m2\repository\org\seleniumhq\selenium\selenium-devtools-v94\4.1.1\selenium-devtools-v94-4.1.1.jar;C:\Users\Mahmoud\.m2\repository\org\seleniumhq\selenium\selenium-devtools-v95\4.1.1\selenium-devtools-v95-4.1.1.jar;C:\Users\Mahmoud\.m2\repository\org\seleniumhq\selenium\selenium-devtools-v96\4.1.1\selenium-devtools-v96-4.1.1.jar;C:\Users\Mahmoud\.m2\repository\org\seleniumhq\selenium\selenium-edge-driver\4.1.1\selenium-edge-driver-4.1.1.jar;C:\Users\Mahmoud\.m2\repository\org\seleniumhq\selenium\selenium-firefox-driver\4.1.1\selenium-firefox-driver-4.1.1.jar;C:\Users\Mahmoud\.m2\repository\org\seleniumhq\selenium\selenium-firefox-xpi-driver\4.1.1\selenium-firefox-xpi-driver-4.1.1.jar;C:\Users\Mahmoud\.m2\repository\org\seleniumhq\selenium\sele
Launcher Type: SUN_STANDARD

[Global flags]
     intx CICompilerCount                          = 4                                         {product} {ergonomic}
     uint ConcGCThreads                            = 3                                         {product} {ergonomic}
     uint G1ConcRefinementThreads                  = 10                                        {product} {ergonomic}
   size_t G1HeapRegionSize                         = 1048576                                   {product} {ergonomic}
    uintx GCDrainStackTargetSize                   = 64                                        {product} {ergonomic}
   size_t InitialHeapSize                          = 132120576                                 {product} {ergonomic}
   size_t MarkStackSize                            = 4194304                                   {product} {ergonomic}
   size_t MaxHeapSize                              = 2090860544                                {product} {ergonomic}
   size_t MaxNewSize                               = 1254096896                                {product} {ergonomic}
   size_t MinHeapDeltaBytes                        = 1048576                                   {product} {ergonomic}
   size_t MinHeapSize                              = 8388608                                   {product} {ergonomic}
    uintx NonNMethodCodeHeapSize                   = 5839372                                {pd product} {ergonomic}
    uintx NonProfiledCodeHeapSize                  = 122909434                              {pd product} {ergonomic}
    uintx ProfiledCodeHeapSize                     = 122909434                              {pd product} {ergonomic}
    uintx ReservedCodeCacheSize                    = 251658240                              {pd product} {ergonomic}
     bool SegmentedCodeCache                       = true                                      {product} {ergonomic}
     bool ShowCodeDetailsInExceptionMessages       = true                                   {manageable} {command line}
   size_t SoftMaxHeapSize                          = 2090860544                             {manageable} {ergonomic}
     bool UseCompressedClassPointers               = true                                 {lp64_product} {ergonomic}
     bool UseCompressedOops                        = true                                 {lp64_product} {ergonomic}
     bool UseG1GC                                  = true                                      {product} {ergonomic}
     bool UseLargePagesIndividualAllocation        = false                                  {pd product} {ergonomic}

Logging:
Log output configuration:
 #0: stdout all=warning uptime,level,tags
 #1: stderr all=off uptime,level,tags

Environment Variables:
JAVA_HOME=C:\Program Files\Java\jdk-15.0.1
PATH=C:/Users/Mahmoud/Downloads/eclipse//plugins/org.eclipse.justj.openjdk.hotspot.jre.full.win32.x86_64_15.0.1.v20201027-0507/jre/bin/server;C:/Users/Mahmoud/Downloads/eclipse//plugins/org.eclipse.justj.openjdk.hotspot.jre.full.win32.x86_64_15.0.1.v20201027-0507/jre/bin;C:\Users\Mahmoud\AppData\Local\Programs\Python\Python39\Scripts\;C:\Users\Mahmoud\AppData\Local\Programs\Python\Python39\;C:\Python39\Scripts\;C:\Python39\;C:\Program Files\Common Files\Oracle\Java\javapath;C:\Windows\system32;C:\Windows;C:\Windows\System32\Wbem;C:\Windows\System32\WindowsPowerShell\v1.0\;C:\Windows\System32\OpenSSH\;C:\Program Files (x86)\NVIDIA Corporation\PhysX\Common;C:\Program Files\NVIDIA Corporation\NVIDIA NvDLISR;C:\Program Files\Java\jdk-13.0.2\bin;C:\Users\mahmo\AppData\Local\Android\Sdk\platform-tools;C:\Program Files\nodejs\node_modules\npm\bin;C:\WINDOWS\system32;C:\WINDOWS;C:\WINDOWS\System32\Wbem;C:\WINDOWS\System32\WindowsPowerShell\v1.0\;C:\WINDOWS\System32\OpenSSH\;C:\Program Files\Git\cmd;C:\ProgramData\chocolatey\bin;C:\Program Files\nodejs\;C:\Program Files\Docker\Docker\resources\bin;C:\ProgramData\DockerDesktop\version-bin;C:\apache-maven-3.8.4\bin;C:\allure-2.17.2\bin;C:\Program Files\Java\jdk1.7.0_80\bin;C:\Users\Mahmoud\AppData\Local\Microsoft\WindowsApps;C:\Users\Mahmoud\AppData\Local\Programs\Microsoft VS Code\bin;C:\Users\Mahmoud\AppData\Roaming\npm;C:\usr\local\bin;;C:\Program Files\JetBrains\IntelliJ IDEA Community Edition 2020.3.1\bin;;C:\Users\Mahmoud\Downloads\eclipse;
USERNAME=Mahmoud
OS=Windows_NT
PROCESSOR_IDENTIFIER=Intel64 Family 6 Model 158 Stepping 10, GenuineIntel



---------------  S Y S T E M  ---------------

OS:
 Windows 10 , 64 bit Build 22000 (10.0.22000.434)
OS uptime: 7 days 4:58 hours
HyperV virtualization detected

CPU: total 12 (initial active 12) (6 cores per cpu, 2 threads per core) family 6 model 158 stepping 10 microcode 0xde, cmov, cx8, fxsr, mmx, sse, sse2, sse3, ssse3, sse4.1, sse4.2, popcnt, vzeroupper, avx, avx2, aes, clmul, erms, 3dnowpref, lzcnt, ht, tsc, tscinvbit, bmi1, bmi2, adx, fma, clflush, clflushopt

Memory: 4k page, system-wide physical 7972M (1028M free)
TotalPageFile size 21087M (AvailPageFile size 1M)
current process WorkingSet (physical memory assigned to process): 127M, peak: 127M
current process commit charge ("private bytes"): 259M, peak: 259M

vm_info: Java HotSpot(TM) 64-Bit Server VM (15.0.1+9-18) for windows-amd64 JRE (15.0.1+9-18), built on Sep 15 2020 14:43:54 by "mach5one" with unknown MS VC++:1925

END.
