#
# There is insufficient memory for the Java Runtime Environment to continue.
# Native memory allocation (malloc) failed to allocate 86416 bytes for Chunk::new
# Possible reasons:
#   The system is out of physical RAM or swap space
#   The process is running with CompressedOops enabled, and the Java Heap may be blocking the growth of the native heap
# Possible solutions:
#   Reduce memory load on the system
#   Increase physical memory or swap space
#   Check if swap backing store is full
#   Decrease Java heap size (-Xmx/-Xms)
#   Decrease number of Java threads
#   Decrease Java thread stack sizes (-Xss)
#   Set larger code cache with -XX:ReservedCodeCacheSize=
#   JVM is running with Unscaled Compressed Oops mode in which the Java heap is
#     placed in the first 4GB address space. The Java Heap base address is the
#     maximum limit for the native heap growth. Please use -XX:HeapBaseMinAddress
#     to set the Java Heap base and to place the Java Heap above 4GB virtual address.
# This output file may be truncated or incomplete.
#
#  Out of Memory Error (./open/src/hotspot/share/memory/arena.cpp:195), pid=95180, tid=71108
#
# JRE version: Java(TM) SE Runtime Environment (15.0.1+9) (build 15.0.1+9-18)
# Java VM: Java HotSpot(TM) 64-Bit Server VM (15.0.1+9-18, mixed mode, sharing, tiered, compressed oops, g1 gc, windows-amd64)
# No core dump will be written. Minidumps are not enabled by default on client versions of Windows
#

---------------  S U M M A R Y ------------

Command Line: io.qameta.allure.CommandLine serve C:\Users\Mahmoud\eclipse-workspace\AutomationFramework\allure-results

Host: Intel(R) Core(TM) i7-9750H CPU @ 2.60GHz, 12 cores, 7G,  Windows 10 , 64 bit Build 22000 (10.0.22000.434)
Time: Sun Feb 27 17:04:18 2022 Egypt Standard Time elapsed time: 0.900160 seconds (0d 0h 0m 0s)

---------------  T H R E A D  ---------------

Current thread (0x000001ebc6d389b0):  JavaThread "C2 CompilerThread0" daemon [_thread_in_native, id=71108, stack(0x000000090a200000,0x000000090a300000)]


Current CompileTask:
C2:    913  540       4       java.lang.StringBuilder::append (8 bytes)

Stack: [0x000000090a200000,0x000000090a300000]
Native frames: (J=compiled Java code, j=interpreted, Vv=VM code, C=native code)
V  [jvm.dll+0x62ae9a]
V  [jvm.dll+0x781389]
V  [jvm.dll+0x782ae3]
V  [jvm.dll+0x783143]
V  [jvm.dll+0x216265]
V  [jvm.dll+0x97efa]
V  [jvm.dll+0x985dc]
V  [jvm.dll+0x32e4c8]
V  [jvm.dll+0x2f78aa]
V  [jvm.dll+0x2f6c6a]
V  [jvm.dll+0x1ea645]
V  [jvm.dll+0x1e98ae]
V  [jvm.dll+0x1784c7]
V  [jvm.dll+0x1f9165]
V  [jvm.dll+0x1f720c]
V  [jvm.dll+0x74485d]
V  [jvm.dll+0x73d65a]
V  [jvm.dll+0x629c56]
C  [ucrtbase.dll+0x26c0c]
C  [KERNEL32.DLL+0x154e0]
C  [ntdll.dll+0x485b]


---------------  P R O C E S S  ---------------

Threads class SMR info:
_java_thread_list=0x000001ebc85c9600, length=12, elements={
0x000001eba7f0d170, 0x000001ebc6d167a0, 0x000001ebc6d17370, 0x000001ebc6d31230,
0x000001ebc6d35d00, 0x000001ebc6d367b0, 0x000001ebc6d389b0, 0x000001ebc6d3e980,
0x000001ebc6d532a0, 0x000001ebc776d790, 0x000001ebc777af80, 0x000001ebc7caaea0
}

Java Threads: ( => current thread )
  0x000001eba7f0d170 JavaThread "main" [_thread_in_vm, id=90312, stack(0x0000000909600000,0x0000000909700000)]
  0x000001ebc6d167a0 JavaThread "Reference Handler" daemon [_thread_blocked, id=88540, stack(0x0000000909d00000,0x0000000909e00000)]
  0x000001ebc6d17370 JavaThread "Finalizer" daemon [_thread_blocked, id=86480, stack(0x0000000909e00000,0x0000000909f00000)]
  0x000001ebc6d31230 JavaThread "Signal Dispatcher" daemon [_thread_blocked, id=79584, stack(0x0000000909f00000,0x000000090a000000)]
  0x000001ebc6d35d00 JavaThread "Attach Listener" daemon [_thread_blocked, id=89620, stack(0x000000090a000000,0x000000090a100000)]
  0x000001ebc6d367b0 JavaThread "Service Thread" daemon [_thread_blocked, id=52140, stack(0x000000090a100000,0x000000090a200000)]
=>0x000001ebc6d389b0 JavaThread "C2 CompilerThread0" daemon [_thread_in_native, id=71108, stack(0x000000090a200000,0x000000090a300000)]
  0x000001ebc6d3e980 JavaThread "C1 CompilerThread0" daemon [_thread_blocked, id=94156, stack(0x000000090a300000,0x000000090a400000)]
  0x000001ebc6d532a0 JavaThread "Sweeper thread" daemon [_thread_blocked, id=89020, stack(0x000000090a400000,0x000000090a500000)]
  0x000001ebc776d790 JavaThread "Notification Thread" daemon [_thread_blocked, id=84308, stack(0x000000090a500000,0x000000090a600000)]
  0x000001ebc777af80 JavaThread "Common-Cleaner" daemon [_thread_blocked, id=100028, stack(0x000000090a700000,0x000000090a800000)]
  0x000001ebc7caaea0 JavaThread "C2 CompilerThread1" daemon [_thread_in_native, id=24856, stack(0x000000090a800000,0x000000090a900000)]

Other Threads:
  0x000001ebc6d0eef0 VMThread "VM Thread" [stack: 0x0000000909c00000,0x0000000909d00000] [id=99744]
  0x000001ebc777ac70 WatcherThread [stack: 0x000000090a600000,0x000000090a700000] [id=61140]
  0x000001eba7f4dc70 GCTaskThread "GC Thread#0" [stack: 0x0000000909700000,0x0000000909800000] [id=83216]
  0x000001eba7f5e700 ConcurrentGCThread "G1 Main Marker" [stack: 0x0000000909800000,0x0000000909900000] [id=91692]
  0x000001eba7f60aa0 ConcurrentGCThread "G1 Conc#0" [stack: 0x0000000909900000,0x0000000909a00000] [id=91552]
  0x000001eba7fde560 ConcurrentGCThread "G1 Refine#0" [stack: 0x0000000909a00000,0x0000000909b00000] [id=51552]
  0x000001ebc6b82360 ConcurrentGCThread "G1 Young RemSet Sampling" [stack: 0x0000000909b00000,0x0000000909c00000] [id=83928]

Threads with active compile tasks:
C2 CompilerThread0     1543  540       4       java.lang.StringBuilder::append (8 bytes)
C2 CompilerThread1     1543  691       4       java.util.HashMap::putVal (300 bytes)

VM state: not at safepoint (normal execution)

VM Mutex/Monitor currently owned by a thread: None

Heap address: 0x0000000083600000, size: 1994 MB, Compressed Oops mode: 32-bit
CDS archive(s) mapped at: [0x0000000800000000-0x0000000800b50000-0x0000000800b50000), size 11862016, SharedBaseAddress: 0x0000000800000000, ArchiveRelocationMode: 0.
Compressed class space mapped at: 0x0000000800b50000-0x0000000840b50000, size: 1073741824
Narrow klass base: 0x0000000800000000, Narrow klass shift: 3, Narrow klass range: 0x100000000

GC Precious Log:
 CPUs: 12 total, 12 available
 Memory: 7972M
 Large Page Support: Disabled
 NUMA Support: Disabled
 Compressed Oops: Enabled (32-bit)
 Heap Region Size: 1M
 Heap Min Capacity: 8M
 Heap Initial Capacity: 126M
 Heap Max Capacity: 1994M
 Pre-touch: Disabled
 Parallel Workers: 10
 Concurrent Workers: 3
 Concurrent Refinement Workers: 10
 Periodic GC: Disabled

Heap:
 garbage-first heap   total 129024K, used 10240K [0x0000000083600000, 0x0000000100000000)
  region size 1024K, 11 young (11264K), 0 survivors (0K)
 Metaspace       used 4981K, capacity 5889K, committed 6016K, reserved 1058816K
  class space    used 580K, capacity 639K, committed 640K, reserved 1048576K

Heap Regions: E=young(eden), S=young(survivor), O=old, HS=humongous(starts), HC=humongous(continues), CS=collection set, F=free, OA=open archive, CA=closed archive, TAMS=top-at-mark-start (previous, next)
|   0|0x0000000083600000, 0x0000000083600000, 0x0000000083700000|  0%| F|  |TAMS 0x0000000083600000, 0x0000000083600000| Untracked 
|   1|0x0000000083700000, 0x0000000083700000, 0x0000000083800000|  0%| F|  |TAMS 0x0000000083700000, 0x0000000083700000| Untracked 
|   2|0x0000000083800000, 0x0000000083800000, 0x0000000083900000|  0%| F|  |TAMS 0x0000000083800000, 0x0000000083800000| Untracked 
|   3|0x0000000083900000, 0x0000000083900000, 0x0000000083a00000|  0%| F|  |TAMS 0x0000000083900000, 0x0000000083900000| Untracked 
|   4|0x0000000083a00000, 0x0000000083a00000, 0x0000000083b00000|  0%| F|  |TAMS 0x0000000083a00000, 0x0000000083a00000| Untracked 
|   5|0x0000000083b00000, 0x0000000083b00000, 0x0000000083c00000|  0%| F|  |TAMS 0x0000000083b00000, 0x0000000083b00000| Untracked 
|   6|0x0000000083c00000, 0x0000000083c00000, 0x0000000083d00000|  0%| F|  |TAMS 0x0000000083c00000, 0x0000000083c00000| Untracked 
|   7|0x0000000083d00000, 0x0000000083d00000, 0x0000000083e00000|  0%| F|  |TAMS 0x0000000083d00000, 0x0000000083d00000| Untracked 
|   8|0x0000000083e00000, 0x0000000083e00000, 0x0000000083f00000|  0%| F|  |TAMS 0x0000000083e00000, 0x0000000083e00000| Untracked 
|   9|0x0000000083f00000, 0x0000000083f00000, 0x0000000084000000|  0%| F|  |TAMS 0x0000000083f00000, 0x0000000083f00000| Untracked 
|  10|0x0000000084000000, 0x0000000084000000, 0x0000000084100000|  0%| F|  |TAMS 0x0000000084000000, 0x0000000084000000| Untracked 
|  11|0x0000000084100000, 0x0000000084100000, 0x0000000084200000|  0%| F|  |TAMS 0x0000000084100000, 0x0000000084100000| Untracked 
|  12|0x0000000084200000, 0x0000000084200000, 0x0000000084300000|  0%| F|  |TAMS 0x0000000084200000, 0x0000000084200000| Untracked 
|  13|0x0000000084300000, 0x0000000084300000, 0x0000000084400000|  0%| F|  |TAMS 0x0000000084300000, 0x0000000084300000| Untracked 
|  14|0x0000000084400000, 0x0000000084400000, 0x0000000084500000|  0%| F|  |TAMS 0x0000000084400000, 0x0000000084400000| Untracked 
|  15|0x0000000084500000, 0x0000000084500000, 0x0000000084600000|  0%| F|  |TAMS 0x0000000084500000, 0x0000000084500000| Untracked 
|  16|0x0000000084600000, 0x0000000084600000, 0x0000000084700000|  0%| F|  |TAMS 0x0000000084600000, 0x0000000084600000| Untracked 
|  17|0x0000000084700000, 0x0000000084700000, 0x0000000084800000|  0%| F|  |TAMS 0x0000000084700000, 0x0000000084700000| Untracked 
|  18|0x0000000084800000, 0x0000000084800000, 0x0000000084900000|  0%| F|  |TAMS 0x0000000084800000, 0x0000000084800000| Untracked 
|  19|0x0000000084900000, 0x0000000084900000, 0x0000000084a00000|  0%| F|  |TAMS 0x0000000084900000, 0x0000000084900000| Untracked 
|  20|0x0000000084a00000, 0x0000000084a00000, 0x0000000084b00000|  0%| F|  |TAMS 0x0000000084a00000, 0x0000000084a00000| Untracked 
|  21|0x0000000084b00000, 0x0000000084b00000, 0x0000000084c00000|  0%| F|  |TAMS 0x0000000084b00000, 0x0000000084b00000| Untracked 
|  22|0x0000000084c00000, 0x0000000084c00000, 0x0000000084d00000|  0%| F|  |TAMS 0x0000000084c00000, 0x0000000084c00000| Untracked 
|  23|0x0000000084d00000, 0x0000000084d00000, 0x0000000084e00000|  0%| F|  |TAMS 0x0000000084d00000, 0x0000000084d00000| Untracked 
|  24|0x0000000084e00000, 0x0000000084e00000, 0x0000000084f00000|  0%| F|  |TAMS 0x0000000084e00000, 0x0000000084e00000| Untracked 
|  25|0x0000000084f00000, 0x0000000084f00000, 0x0000000085000000|  0%| F|  |TAMS 0x0000000084f00000, 0x0000000084f00000| Untracked 
|  26|0x0000000085000000, 0x0000000085000000, 0x0000000085100000|  0%| F|  |TAMS 0x0000000085000000, 0x0000000085000000| Untracked 
|  27|0x0000000085100000, 0x0000000085100000, 0x0000000085200000|  0%| F|  |TAMS 0x0000000085100000, 0x0000000085100000| Untracked 
|  28|0x0000000085200000, 0x0000000085200000, 0x0000000085300000|  0%| F|  |TAMS 0x0000000085200000, 0x0000000085200000| Untracked 
|  29|0x0000000085300000, 0x0000000085300000, 0x0000000085400000|  0%| F|  |TAMS 0x0000000085300000, 0x0000000085300000| Untracked 
|  30|0x0000000085400000, 0x0000000085400000, 0x0000000085500000|  0%| F|  |TAMS 0x0000000085400000, 0x0000000085400000| Untracked 
|  31|0x0000000085500000, 0x0000000085500000, 0x0000000085600000|  0%| F|  |TAMS 0x0000000085500000, 0x0000000085500000| Untracked 
|  32|0x0000000085600000, 0x0000000085600000, 0x0000000085700000|  0%| F|  |TAMS 0x0000000085600000, 0x0000000085600000| Untracked 
|  33|0x0000000085700000, 0x0000000085700000, 0x0000000085800000|  0%| F|  |TAMS 0x0000000085700000, 0x0000000085700000| Untracked 
|  34|0x0000000085800000, 0x0000000085800000, 0x0000000085900000|  0%| F|  |TAMS 0x0000000085800000, 0x0000000085800000| Untracked 
|  35|0x0000000085900000, 0x0000000085900000, 0x0000000085a00000|  0%| F|  |TAMS 0x0000000085900000, 0x0000000085900000| Untracked 
|  36|0x0000000085a00000, 0x0000000085a00000, 0x0000000085b00000|  0%| F|  |TAMS 0x0000000085a00000, 0x0000000085a00000| Untracked 
|  37|0x0000000085b00000, 0x0000000085b00000, 0x0000000085c00000|  0%| F|  |TAMS 0x0000000085b00000, 0x0000000085b00000| Untracked 
|  38|0x0000000085c00000, 0x0000000085c00000, 0x0000000085d00000|  0%| F|  |TAMS 0x0000000085c00000, 0x0000000085c00000| Untracked 
|  39|0x0000000085d00000, 0x0000000085d00000, 0x0000000085e00000|  0%| F|  |TAMS 0x0000000085d00000, 0x0000000085d00000| Untracked 
|  40|0x0000000085e00000, 0x0000000085e00000, 0x0000000085f00000|  0%| F|  |TAMS 0x0000000085e00000, 0x0000000085e00000| Untracked 
|  41|0x0000000085f00000, 0x0000000085f00000, 0x0000000086000000|  0%| F|  |TAMS 0x0000000085f00000, 0x0000000085f00000| Untracked 
|  42|0x0000000086000000, 0x0000000086000000, 0x0000000086100000|  0%| F|  |TAMS 0x0000000086000000, 0x0000000086000000| Untracked 
|  43|0x0000000086100000, 0x0000000086100000, 0x0000000086200000|  0%| F|  |TAMS 0x0000000086100000, 0x0000000086100000| Untracked 
|  44|0x0000000086200000, 0x0000000086200000, 0x0000000086300000|  0%| F|  |TAMS 0x0000000086200000, 0x0000000086200000| Untracked 
|  45|0x0000000086300000, 0x0000000086300000, 0x0000000086400000|  0%| F|  |TAMS 0x0000000086300000, 0x0000000086300000| Untracked 
|  46|0x0000000086400000, 0x0000000086400000, 0x0000000086500000|  0%| F|  |TAMS 0x0000000086400000, 0x0000000086400000| Untracked 
|  47|0x0000000086500000, 0x0000000086500000, 0x0000000086600000|  0%| F|  |TAMS 0x0000000086500000, 0x0000000086500000| Untracked 
|  48|0x0000000086600000, 0x0000000086600000, 0x0000000086700000|  0%| F|  |TAMS 0x0000000086600000, 0x0000000086600000| Untracked 
|  49|0x0000000086700000, 0x0000000086700000, 0x0000000086800000|  0%| F|  |TAMS 0x0000000086700000, 0x0000000086700000| Untracked 
|  50|0x0000000086800000, 0x0000000086800000, 0x0000000086900000|  0%| F|  |TAMS 0x0000000086800000, 0x0000000086800000| Untracked 
|  51|0x0000000086900000, 0x0000000086900000, 0x0000000086a00000|  0%| F|  |TAMS 0x0000000086900000, 0x0000000086900000| Untracked 
|  52|0x0000000086a00000, 0x0000000086a00000, 0x0000000086b00000|  0%| F|  |TAMS 0x0000000086a00000, 0x0000000086a00000| Untracked 
|  53|0x0000000086b00000, 0x0000000086b00000, 0x0000000086c00000|  0%| F|  |TAMS 0x0000000086b00000, 0x0000000086b00000| Untracked 
|  54|0x0000000086c00000, 0x0000000086c00000, 0x0000000086d00000|  0%| F|  |TAMS 0x0000000086c00000, 0x0000000086c00000| Untracked 
|  55|0x0000000086d00000, 0x0000000086d00000, 0x0000000086e00000|  0%| F|  |TAMS 0x0000000086d00000, 0x0000000086d00000| Untracked 
|  56|0x0000000086e00000, 0x0000000086e00000, 0x0000000086f00000|  0%| F|  |TAMS 0x0000000086e00000, 0x0000000086e00000| Untracked 
|  57|0x0000000086f00000, 0x0000000086f00000, 0x0000000087000000|  0%| F|  |TAMS 0x0000000086f00000, 0x0000000086f00000| Untracked 
|  58|0x0000000087000000, 0x0000000087000000, 0x0000000087100000|  0%| F|  |TAMS 0x0000000087000000, 0x0000000087000000| Untracked 
|  59|0x0000000087100000, 0x0000000087100000, 0x0000000087200000|  0%| F|  |TAMS 0x0000000087100000, 0x0000000087100000| Untracked 
|  60|0x0000000087200000, 0x0000000087200000, 0x0000000087300000|  0%| F|  |TAMS 0x0000000087200000, 0x0000000087200000| Untracked 
|  61|0x0000000087300000, 0x0000000087300000, 0x0000000087400000|  0%| F|  |TAMS 0x0000000087300000, 0x0000000087300000| Untracked 
|  62|0x0000000087400000, 0x0000000087400000, 0x0000000087500000|  0%| F|  |TAMS 0x0000000087400000, 0x0000000087400000| Untracked 
|  63|0x0000000087500000, 0x0000000087500000, 0x0000000087600000|  0%| F|  |TAMS 0x0000000087500000, 0x0000000087500000| Untracked 
|  64|0x0000000087600000, 0x0000000087600000, 0x0000000087700000|  0%| F|  |TAMS 0x0000000087600000, 0x0000000087600000| Untracked 
|  65|0x0000000087700000, 0x0000000087700000, 0x0000000087800000|  0%| F|  |TAMS 0x0000000087700000, 0x0000000087700000| Untracked 
|  66|0x0000000087800000, 0x0000000087800000, 0x0000000087900000|  0%| F|  |TAMS 0x0000000087800000, 0x0000000087800000| Untracked 
|  67|0x0000000087900000, 0x0000000087900000, 0x0000000087a00000|  0%| F|  |TAMS 0x0000000087900000, 0x0000000087900000| Untracked 
|  68|0x0000000087a00000, 0x0000000087a00000, 0x0000000087b00000|  0%| F|  |TAMS 0x0000000087a00000, 0x0000000087a00000| Untracked 
|  69|0x0000000087b00000, 0x0000000087b00000, 0x0000000087c00000|  0%| F|  |TAMS 0x0000000087b00000, 0x0000000087b00000| Untracked 
|  70|0x0000000087c00000, 0x0000000087c00000, 0x0000000087d00000|  0%| F|  |TAMS 0x0000000087c00000, 0x0000000087c00000| Untracked 
|  71|0x0000000087d00000, 0x0000000087d00000, 0x0000000087e00000|  0%| F|  |TAMS 0x0000000087d00000, 0x0000000087d00000| Untracked 
|  72|0x0000000087e00000, 0x0000000087e00000, 0x0000000087f00000|  0%| F|  |TAMS 0x0000000087e00000, 0x0000000087e00000| Untracked 
|  73|0x0000000087f00000, 0x0000000087f00000, 0x0000000088000000|  0%| F|  |TAMS 0x0000000087f00000, 0x0000000087f00000| Untracked 
|  74|0x0000000088000000, 0x0000000088000000, 0x0000000088100000|  0%| F|  |TAMS 0x0000000088000000, 0x0000000088000000| Untracked 
|  75|0x0000000088100000, 0x0000000088100000, 0x0000000088200000|  0%| F|  |TAMS 0x0000000088100000, 0x0000000088100000| Untracked 
|  76|0x0000000088200000, 0x0000000088200000, 0x0000000088300000|  0%| F|  |TAMS 0x0000000088200000, 0x0000000088200000| Untracked 
|  77|0x0000000088300000, 0x0000000088300000, 0x0000000088400000|  0%| F|  |TAMS 0x0000000088300000, 0x0000000088300000| Untracked 
|  78|0x0000000088400000, 0x0000000088400000, 0x0000000088500000|  0%| F|  |TAMS 0x0000000088400000, 0x0000000088400000| Untracked 
|  79|0x0000000088500000, 0x0000000088500000, 0x0000000088600000|  0%| F|  |TAMS 0x0000000088500000, 0x0000000088500000| Untracked 
|  80|0x0000000088600000, 0x0000000088600000, 0x0000000088700000|  0%| F|  |TAMS 0x0000000088600000, 0x0000000088600000| Untracked 
|  81|0x0000000088700000, 0x0000000088700000, 0x0000000088800000|  0%| F|  |TAMS 0x0000000088700000, 0x0000000088700000| Untracked 
|  82|0x0000000088800000, 0x0000000088800000, 0x0000000088900000|  0%| F|  |TAMS 0x0000000088800000, 0x0000000088800000| Untracked 
|  83|0x0000000088900000, 0x0000000088900000, 0x0000000088a00000|  0%| F|  |TAMS 0x0000000088900000, 0x0000000088900000| Untracked 
|  84|0x0000000088a00000, 0x0000000088a00000, 0x0000000088b00000|  0%| F|  |TAMS 0x0000000088a00000, 0x0000000088a00000| Untracked 
|  85|0x0000000088b00000, 0x0000000088b00000, 0x0000000088c00000|  0%| F|  |TAMS 0x0000000088b00000, 0x0000000088b00000| Untracked 
|  86|0x0000000088c00000, 0x0000000088c00000, 0x0000000088d00000|  0%| F|  |TAMS 0x0000000088c00000, 0x0000000088c00000| Untracked 
|  87|0x0000000088d00000, 0x0000000088d00000, 0x0000000088e00000|  0%| F|  |TAMS 0x0000000088d00000, 0x0000000088d00000| Untracked 
|  88|0x0000000088e00000, 0x0000000088e00000, 0x0000000088f00000|  0%| F|  |TAMS 0x0000000088e00000, 0x0000000088e00000| Untracked 
|  89|0x0000000088f00000, 0x0000000088f00000, 0x0000000089000000|  0%| F|  |TAMS 0x0000000088f00000, 0x0000000088f00000| Untracked 
|  90|0x0000000089000000, 0x0000000089000000, 0x0000000089100000|  0%| F|  |TAMS 0x0000000089000000, 0x0000000089000000| Untracked 
|  91|0x0000000089100000, 0x0000000089100000, 0x0000000089200000|  0%| F|  |TAMS 0x0000000089100000, 0x0000000089100000| Untracked 
|  92|0x0000000089200000, 0x0000000089200000, 0x0000000089300000|  0%| F|  |TAMS 0x0000000089200000, 0x0000000089200000| Untracked 
|  93|0x0000000089300000, 0x0000000089300000, 0x0000000089400000|  0%| F|  |TAMS 0x0000000089300000, 0x0000000089300000| Untracked 
|  94|0x0000000089400000, 0x0000000089400000, 0x0000000089500000|  0%| F|  |TAMS 0x0000000089400000, 0x0000000089400000| Untracked 
|  95|0x0000000089500000, 0x0000000089500000, 0x0000000089600000|  0%| F|  |TAMS 0x0000000089500000, 0x0000000089500000| Untracked 
|  96|0x0000000089600000, 0x0000000089600000, 0x0000000089700000|  0%| F|  |TAMS 0x0000000089600000, 0x0000000089600000| Untracked 
|  97|0x0000000089700000, 0x0000000089700000, 0x0000000089800000|  0%| F|  |TAMS 0x0000000089700000, 0x0000000089700000| Untracked 
|  98|0x0000000089800000, 0x0000000089800000, 0x0000000089900000|  0%| F|  |TAMS 0x0000000089800000, 0x0000000089800000| Untracked 
|  99|0x0000000089900000, 0x0000000089900000, 0x0000000089a00000|  0%| F|  |TAMS 0x0000000089900000, 0x0000000089900000| Untracked 
| 100|0x0000000089a00000, 0x0000000089a00000, 0x0000000089b00000|  0%| F|  |TAMS 0x0000000089a00000, 0x0000000089a00000| Untracked 
| 101|0x0000000089b00000, 0x0000000089b00000, 0x0000000089c00000|  0%| F|  |TAMS 0x0000000089b00000, 0x0000000089b00000| Untracked 
| 102|0x0000000089c00000, 0x0000000089c00000, 0x0000000089d00000|  0%| F|  |TAMS 0x0000000089c00000, 0x0000000089c00000| Untracked 
| 103|0x0000000089d00000, 0x0000000089d00000, 0x0000000089e00000|  0%| F|  |TAMS 0x0000000089d00000, 0x0000000089d00000| Untracked 
| 104|0x0000000089e00000, 0x0000000089e00000, 0x0000000089f00000|  0%| F|  |TAMS 0x0000000089e00000, 0x0000000089e00000| Untracked 
| 105|0x0000000089f00000, 0x0000000089f00000, 0x000000008a000000|  0%| F|  |TAMS 0x0000000089f00000, 0x0000000089f00000| Untracked 
| 106|0x000000008a000000, 0x000000008a000000, 0x000000008a100000|  0%| F|  |TAMS 0x000000008a000000, 0x000000008a000000| Untracked 
| 107|0x000000008a100000, 0x000000008a100000, 0x000000008a200000|  0%| F|  |TAMS 0x000000008a100000, 0x000000008a100000| Untracked 
| 108|0x000000008a200000, 0x000000008a200000, 0x000000008a300000|  0%| F|  |TAMS 0x000000008a200000, 0x000000008a200000| Untracked 
| 109|0x000000008a300000, 0x000000008a300000, 0x000000008a400000|  0%| F|  |TAMS 0x000000008a300000, 0x000000008a300000| Untracked 
| 110|0x000000008a400000, 0x000000008a400000, 0x000000008a500000|  0%| F|  |TAMS 0x000000008a400000, 0x000000008a400000| Untracked 
| 111|0x000000008a500000, 0x000000008a500000, 0x000000008a600000|  0%| F|  |TAMS 0x000000008a500000, 0x000000008a500000| Untracked 
| 112|0x000000008a600000, 0x000000008a600000, 0x000000008a700000|  0%| F|  |TAMS 0x000000008a600000, 0x000000008a600000| Untracked 
| 113|0x000000008a700000, 0x000000008a700000, 0x000000008a800000|  0%| F|  |TAMS 0x000000008a700000, 0x000000008a700000| Untracked 
| 114|0x000000008a800000, 0x000000008a800000, 0x000000008a900000|  0%| F|  |TAMS 0x000000008a800000, 0x000000008a800000| Untracked 
| 115|0x000000008a900000, 0x000000008a976448, 0x000000008aa00000| 46%| E|  |TAMS 0x000000008a900000, 0x000000008a900000| Complete 
| 116|0x000000008aa00000, 0x000000008ab00000, 0x000000008ab00000|100%| E|CS|TAMS 0x000000008aa00000, 0x000000008aa00000| Complete 
| 117|0x000000008ab00000, 0x000000008ac00000, 0x000000008ac00000|100%| E|CS|TAMS 0x000000008ab00000, 0x000000008ab00000| Complete 
| 118|0x000000008ac00000, 0x000000008ad00000, 0x000000008ad00000|100%| E|CS|TAMS 0x000000008ac00000, 0x000000008ac00000| Complete 
| 119|0x000000008ad00000, 0x000000008ae00000, 0x000000008ae00000|100%| E|CS|TAMS 0x000000008ad00000, 0x000000008ad00000| Complete 
| 120|0x000000008ae00000, 0x000000008af00000, 0x000000008af00000|100%| E|CS|TAMS 0x000000008ae00000, 0x000000008ae00000| Complete 
| 121|0x000000008af00000, 0x000000008b000000, 0x000000008b000000|100%| E|CS|TAMS 0x000000008af00000, 0x000000008af00000| Complete 
| 122|0x000000008b000000, 0x000000008b100000, 0x000000008b100000|100%| E|CS|TAMS 0x000000008b000000, 0x000000008b000000| Complete 
| 123|0x000000008b100000, 0x000000008b200000, 0x000000008b200000|100%| E|CS|TAMS 0x000000008b100000, 0x000000008b100000| Complete 
| 124|0x000000008b200000, 0x000000008b300000, 0x000000008b300000|100%| E|CS|TAMS 0x000000008b200000, 0x000000008b200000| Complete 
| 125|0x000000008b300000, 0x000000008b400000, 0x000000008b400000|100%| E|CS|TAMS 0x000000008b300000, 0x000000008b300000| Complete 

Card table byte_map: [0x000001ebbfa80000,0x000001ebbfe70000] _byte_map_base: 0x000001ebbf665000

Marking Bits (Prev, Next): (CMBitMap*) 0x000001eba7f4e460, (CMBitMap*) 0x000001eba7f4e4a0
 Prev Bits: [0x000001ebc0260000, 0x000001ebc2188000)
 Next Bits: [0x000001ebc2190000, 0x000001ebc40b8000)

Polling page: 0x000001eba5e90000

Metaspace:

Usage:
  Non-class:      5.13 MB capacity,     4.30 MB ( 84%) used,   839.80 KB ( 16%) free+waste,     4.31 KB ( <1%) overhead. 
      Class:    639.00 KB capacity,   581.30 KB ( 91%) used,    55.58 KB (  9%) free+waste,     2.12 KB ( <1%) overhead. 
       Both:      5.75 MB capacity,     4.87 MB ( 85%) used,   895.38 KB ( 15%) free+waste,     6.44 KB ( <1%) overhead. 

Virtual space:
  Non-class space:       10.00 MB reserved,       5.25 MB ( 52%) committed 
      Class space:        1.00 GB reserved,     640.00 KB ( <1%) committed 
             Both:        1.01 GB reserved,       5.88 MB ( <1%) committed 

Chunk freelists:
   Non-Class:  0 bytes
       Class:  1.00 KB
        Both:  1.00 KB

MaxMetaspaceSize: 17179869184.00 GB
CompressedClassSpaceSize: 1.00 GB

CodeHeap 'non-profiled nmethods': size=120000Kb used=206Kb max_used=206Kb free=119793Kb
 bounds [0x000001ebb7c10000, 0x000001ebb7e80000, 0x000001ebbf140000]
CodeHeap 'profiled nmethods': size=120000Kb used=1339Kb max_used=1339Kb free=118660Kb
 bounds [0x000001ebb06e0000, 0x000001ebb0950000, 0x000001ebb7c10000]
CodeHeap 'non-nmethods': size=5760Kb used=1174Kb max_used=1183Kb free=4585Kb
 bounds [0x000001ebb0140000, 0x000001ebb03b0000, 0x000001ebb06e0000]
 total_blobs=1244 nmethods=809 adapters=348
 compilation: enabled
              stopped_count=0, restarted_count=0
 full_count=0

Compilation events (20 events):
Event: 0.746 Thread 0x000001ebc6d3e980 nmethod 538 0x000001ebb07a3610 code [0x000001ebb07a3840, 0x000001ebb07a4288]
Event: 0.746 Thread 0x000001ebc6d3e980  539   !   3       java.util.zip.Inflater::setInput (69 bytes)
Event: 0.746 Thread 0x000001ebc6d3e980 nmethod 539 0x000001ebb07a4710 code [0x000001ebb07a48e0, 0x000001ebb07a4c88]
Event: 0.748 Thread 0x000001ebc6d389b0  540       4       java.lang.StringBuilder::append (8 bytes)
Event: 0.748 Thread 0x000001ebc6d3e980  541   !   3       java.net.URL::<init> (543 bytes)
Event: 0.753 Thread 0x000001ebc6d3e980 nmethod 541 0x000001ebb07a4e10 code [0x000001ebb07a54a0, 0x000001ebb07a8ea8]
Event: 0.753 Thread 0x000001ebc6d3e980  544       3       sun.net.util.IPAddressUtil::checkHostString (53 bytes)
Event: 0.754 Thread 0x000001ebc6d3e980 nmethod 544 0x000001ebb07aaf90 code [0x000001ebb07ab240, 0x000001ebb07abd68]
Event: 0.754 Thread 0x000001ebc6d3e980  545       3       sun.net.util.IPAddressUtil::scan (92 bytes)
Event: 0.755 Thread 0x000001ebc6d3e980 nmethod 545 0x000001ebb07ac190 code [0x000001ebb07ac3e0, 0x000001ebb07aced8]
Event: 0.755 Thread 0x000001ebc6d3e980  542       3       java.net.URLStreamHandler::setURL (73 bytes)
Event: 0.756 Thread 0x000001ebc6d3e980 nmethod 542 0x000001ebb07ad490 code [0x000001ebb07ad760, 0x000001ebb07ae5b8]
Event: 0.756 Thread 0x000001ebc6d3e980  543       3       java.net.URL::<init> (8 bytes)
Event: 0.756 Thread 0x000001ebc6d3e980 nmethod 543 0x000001ebb07aeb10 code [0x000001ebb07aecc0, 0x000001ebb07aede8]
Event: 0.756 Thread 0x000001ebc6d3e980  547       1       java.util.HashMap$Node::getKey (5 bytes)
Event: 0.756 Thread 0x000001ebc6d3e980 nmethod 547 0x000001ebb7c38710 code [0x000001ebb7c388a0, 0x000001ebb7c38958]
Event: 0.756 Thread 0x000001ebc6d3e980  548       1       java.util.HashMap$Node::getValue (5 bytes)
Event: 0.756 Thread 0x000001ebc6d3e980 nmethod 548 0x000001ebb7c38a10 code [0x000001ebb7c38ba0, 0x000001ebb7c38c58]
Event: 0.759 Thread 0x000001ebc6d3e980  549       3       java.util.ArrayList::iterator (9 bytes)
Event: 0.759 Thread 0x000001ebc6d3e980 nmethod 549 0x000001ebb07aee90 code [0x000001ebb07af040, 0x000001ebb07af2d8]

GC Heap History (0 events):
No events

Deoptimization events (8 events):
Event: 0.341 Thread 0x000001eba7f0d170 Uncommon trap: trap_request=0xffffff45 fr.pc=0x000001ebb7c144c8 relative=0x0000000000000228
Event: 0.341 Thread 0x000001eba7f0d170 Uncommon trap: reason=unstable_if action=reinterpret pc=0x000001ebb7c144c8 method=java.lang.String.hashCode()I @ 13 c2
Event: 0.341 Thread 0x000001eba7f0d170 DEOPT PACKING pc=0x000001ebb7c144c8 sp=0x00000009096feab0
Event: 0.341 Thread 0x000001eba7f0d170 DEOPT UNPACKING pc=0x000001ebb018e42f sp=0x00000009096fea48 mode 2
Event: 0.433 Thread 0x000001eba7f0d170 Uncommon trap: trap_request=0xffffff45 fr.pc=0x000001ebb7c1fde4 relative=0x0000000000000244
Event: 0.433 Thread 0x000001eba7f0d170 Uncommon trap: reason=unstable_if action=reinterpret pc=0x000001ebb7c1fde4 method=java.io.BufferedReader.read()I @ 19 c2
Event: 0.433 Thread 0x000001eba7f0d170 DEOPT PACKING pc=0x000001ebb7c1fde4 sp=0x00000009096fccb0
Event: 0.433 Thread 0x000001eba7f0d170 DEOPT UNPACKING pc=0x000001ebb018e42f sp=0x00000009096fcbf0 mode 2

Classes unloaded (0 events):
No events

Classes redefined (0 events):
No events

Internal exceptions (4 events):
Event: 0.423 Thread 0x000001eba7f0d170 Exception <a 'java/lang/ClassNotFoundException'{0x000000008b0cc6e0}: javax/smartcardio/CardPermission> (0x000000008b0cc6e0) 
thrown [./open/src/hotspot/share/classfile/systemDictionary.cpp, line 295]
Event: 0.438 Thread 0x000001eba7f0d170 Exception <a 'java/io/FileNotFoundException'{0x000000008b0da860}> (0x000000008b0da860) 
thrown [./open/src/hotspot/share/prims/jni.cpp, line 578]
Event: 0.595 Thread 0x000001eba7f0d170 Exception <a 'java/lang/NoSuchMethodError'{0x000000008affd870}: 'void java.lang.invoke.DirectMethodHandle$Holder.invokeSpecial(java.lang.Object, java.lang.Object, java.lang.Object)'> (0x000000008affd870) 
thrown [./open/src/hotspot/share/interpreter/linkResolver.cpp, line 782]
Event: 0.602 Thread 0x000001eba7f0d170 Exception <a 'java/lang/NoSuchMethodError'{0x000000008ae0e248}: 'java.lang.Object java.lang.invoke.DirectMethodHandle$Holder.invokeStatic(java.lang.Object)'> (0x000000008ae0e248) 
thrown [./open/src/hotspot/share/interpreter/linkResolver.cpp, line 782]

Events (20 events):
Event: 0.723 loading class java/lang/InstantiationException
Event: 0.723 loading class java/lang/InstantiationException done
Event: 0.723 loading class java/lang/PublicMethods
Event: 0.723 loading class java/lang/PublicMethods done
Event: 0.724 loading class java/util/LinkedHashMap$LinkedValues
Event: 0.724 loading class java/util/LinkedHashMap$LinkedValues done
Event: 0.724 loading class java/util/LinkedHashMap$LinkedValueIterator
Event: 0.725 loading class java/util/LinkedHashMap$LinkedValueIterator done
Event: 0.728 loading class java/nio/charset/UnsupportedCharsetException
Event: 0.728 loading class java/nio/charset/UnsupportedCharsetException done
Event: 0.733 loading class java/lang/UnsupportedOperationException
Event: 0.733 loading class java/lang/UnsupportedOperationException done
Event: 0.735 loading class jdk/internal/loader/BootLoader$PackageHelper
Event: 0.735 loading class jdk/internal/loader/BootLoader$PackageHelper done
Event: 0.735 loading class java/lang/InternalError
Event: 0.735 loading class java/lang/InternalError done
Event: 0.738 loading class java/lang/Class$AnnotationData
Event: 0.738 loading class java/lang/Class$AnnotationData done
Event: 0.759 loading class java/lang/StringCoding$StringEncoder
Event: 0.759 loading class java/lang/StringCoding$StringEncoder done


Dynamic libraries:
0x00007ff75bc30000 - 0x00007ff75bc3f000 	C:\Program Files\Java\jdk-15.0.1\bin\java.exe
0x00007ff9cd540000 - 0x00007ff9cd749000 	C:\WINDOWS\SYSTEM32\ntdll.dll
0x00007ff9cc600000 - 0x00007ff9cc6bd000 	C:\WINDOWS\System32\KERNEL32.DLL
0x00007ff9cad40000 - 0x00007ff9cb0b4000 	C:\WINDOWS\System32\KERNELBASE.dll
0x00007ff9cb2c0000 - 0x00007ff9cb3d1000 	C:\WINDOWS\System32\ucrtbase.dll
0x00007ff9b33c0000 - 0x00007ff9b33d8000 	C:\Program Files\Java\jdk-15.0.1\bin\jli.dll
0x00007ff9b0bc0000 - 0x00007ff9b0bd9000 	C:\Program Files\Java\jdk-15.0.1\bin\VCRUNTIME140.dll
0x00007ff9cc550000 - 0x00007ff9cc5fe000 	C:\WINDOWS\System32\ADVAPI32.dll
0x00007ff9cd370000 - 0x00007ff9cd413000 	C:\WINDOWS\System32\msvcrt.dll
0x00007ff9cb4e0000 - 0x00007ff9cb57e000 	C:\WINDOWS\System32\sechost.dll
0x00007ff9cc430000 - 0x00007ff9cc550000 	C:\WINDOWS\System32\RPCRT4.dll
0x00007ff9cd0d0000 - 0x00007ff9cd27c000 	C:\WINDOWS\System32\USER32.dll
0x00007ff9cb290000 - 0x00007ff9cb2b6000 	C:\WINDOWS\System32\win32u.dll
0x00007ff9bd780000 - 0x00007ff9bda25000 	C:\WINDOWS\WinSxS\amd64_microsoft.windows.common-controls_6595b64144ccf1df_6.0.22000.120_none_9d947278b86cc467\COMCTL32.dll
0x00007ff9cb580000 - 0x00007ff9cb5a9000 	C:\WINDOWS\System32\GDI32.dll
0x00007ff9caba0000 - 0x00007ff9cacb2000 	C:\WINDOWS\System32\gdi32full.dll
0x00007ff9cb130000 - 0x00007ff9cb1cd000 	C:\WINDOWS\System32\msvcp_win.dll
0x00007ff9be2e0000 - 0x00007ff9be2ea000 	C:\WINDOWS\SYSTEM32\VERSION.dll
0x00007ff9cd4c0000 - 0x00007ff9cd4f1000 	C:\WINDOWS\System32\IMM32.DLL
0x00007ff9c0e70000 - 0x00007ff9c0e7c000 	C:\Program Files\Java\jdk-15.0.1\bin\vcruntime140_1.dll
0x00007ff998240000 - 0x00007ff9982d1000 	C:\Program Files\Java\jdk-15.0.1\bin\msvcp140.dll
0x00007ff948b60000 - 0x00007ff9496be000 	C:\Program Files\Java\jdk-15.0.1\bin\server\jvm.dll
0x00007ff9cd4b0000 - 0x00007ff9cd4b8000 	C:\WINDOWS\System32\PSAPI.DLL
0x00007ff9c6bc0000 - 0x00007ff9c6bc9000 	C:\WINDOWS\SYSTEM32\WSOCK32.dll
0x00007ff9cd440000 - 0x00007ff9cd4af000 	C:\WINDOWS\System32\WS2_32.dll
0x00007ff9c85e0000 - 0x00007ff9c8613000 	C:\WINDOWS\SYSTEM32\WINMM.dll
0x00007ff9c9bf0000 - 0x00007ff9c9c08000 	C:\WINDOWS\SYSTEM32\kernel.appcore.dll
0x00007ff9bd730000 - 0x00007ff9bd73a000 	C:\Program Files\Java\jdk-15.0.1\bin\jimage.dll
0x00007ff9c83b0000 - 0x00007ff9c85d1000 	C:\WINDOWS\SYSTEM32\DBGHELP.DLL
0x00007ff9c8350000 - 0x00007ff9c8381000 	C:\WINDOWS\SYSTEM32\dbgcore.DLL
0x00007ff9cacc0000 - 0x00007ff9cad3f000 	C:\WINDOWS\System32\bcryptPrimitives.dll
0x00007ff9ab310000 - 0x00007ff9ab335000 	C:\Program Files\Java\jdk-15.0.1\bin\java.dll
0x00007ff9cc6c0000 - 0x00007ff9cce6e000 	C:\WINDOWS\System32\SHELL32.dll
0x00007ff9c8b70000 - 0x00007ff9c93d7000 	C:\WINDOWS\SYSTEM32\windows.storage.dll
0x00007ff9cc0b0000 - 0x00007ff9cc428000 	C:\WINDOWS\System32\combase.dll
0x00007ff9c8a00000 - 0x00007ff9c8b66000 	C:\WINDOWS\SYSTEM32\wintypes.dll
0x00007ff9cd280000 - 0x00007ff9cd36a000 	C:\WINDOWS\System32\SHCORE.dll
0x00007ff9cb6a0000 - 0x00007ff9cb6fd000 	C:\WINDOWS\System32\shlwapi.dll
0x00007ff9ca960000 - 0x00007ff9ca981000 	C:\WINDOWS\SYSTEM32\profapi.dll
0x00007ff9b0ba0000 - 0x00007ff9b0bb9000 	C:\Program Files\Java\jdk-15.0.1\bin\net.dll
0x00007ff9c1880000 - 0x00007ff9c198c000 	C:\WINDOWS\SYSTEM32\WINHTTP.dll
0x00007ff9ca050000 - 0x00007ff9ca0b7000 	C:\WINDOWS\system32\mswsock.dll
0x00007ff9aa2d0000 - 0x00007ff9aa2e2000 	C:\Program Files\Java\jdk-15.0.1\bin\nio.dll
0x00007ff9aa2b0000 - 0x00007ff9aa2c8000 	C:\Program Files\Java\jdk-15.0.1\bin\zip.dll
0x00007ff9bd6c0000 - 0x00007ff9bd6d0000 	C:\Program Files\Java\jdk-15.0.1\bin\verify.dll
0x00007ff9ca290000 - 0x00007ff9ca2a8000 	C:\WINDOWS\SYSTEM32\CRYPTSP.dll
0x00007ff9c9b50000 - 0x00007ff9c9b85000 	C:\WINDOWS\system32\rsaenh.dll
0x00007ff9ca140000 - 0x00007ff9ca169000 	C:\WINDOWS\SYSTEM32\USERENV.dll
0x00007ff9ca410000 - 0x00007ff9ca437000 	C:\WINDOWS\SYSTEM32\bcrypt.dll
0x00007ff9ca2b0000 - 0x00007ff9ca2bc000 	C:\WINDOWS\SYSTEM32\CRYPTBASE.dll
0x00007ff9c9690000 - 0x00007ff9c96bd000 	C:\WINDOWS\SYSTEM32\IPHLPAPI.DLL
0x00007ff9cbe30000 - 0x00007ff9cbe39000 	C:\WINDOWS\System32\NSI.dll
0x00007ff9c1700000 - 0x00007ff9c1719000 	C:\WINDOWS\SYSTEM32\dhcpcsvc6.DLL
0x00007ff9c2110000 - 0x00007ff9c212e000 	C:\WINDOWS\SYSTEM32\dhcpcsvc.DLL
0x00007ff9c96c0000 - 0x00007ff9c97a7000 	C:\WINDOWS\SYSTEM32\DNSAPI.dll

dbghelp: loaded successfully - version: 4.0.5 - missing functions: none
symbol engine: initialized successfully - sym options: 0x614 - pdb path: .;C:\Program Files\Java\jdk-15.0.1\bin;C:\WINDOWS\SYSTEM32;C:\WINDOWS\WinSxS\amd64_microsoft.windows.common-controls_6595b64144ccf1df_6.0.22000.120_none_9d947278b86cc467;C:\Program Files\Java\jdk-15.0.1\bin\server

VM Arguments:
java_command: io.qameta.allure.CommandLine serve C:\Users\Mahmoud\eclipse-workspace\AutomationFramework\allure-results
java_class_path (initial): C:\allure-2.17.2\lib\allure-commandline-2.17.2.jar;C:\allure-2.17.2\lib\logback-classic-1.2.7.jar;C:\allure-2.17.2\lib\jcommander-1.81.jar;C:\allure-2.17.2\lib\allure-generator-2.17.2.jar;C:\allure-2.17.2\lib\jackson-dataformat-xml-2.12.5.jar;C:\allure-2.17.2\lib\jackson-module-jaxb-annotations-2.12.5.jar;C:\allure-2.17.2\lib\jackson-annotations-2.12.5.jar;C:\allure-2.17.2\lib\jackson-core-2.12.5.jar;C:\allure-2.17.2\lib\jackson-dataformat-yaml-2.12.5.jar;C:\allure-2.17.2\lib\allure-plugin-api-2.17.2.jar;C:\allure-2.17.2\lib\jackson-databind-2.12.5.jar;C:\allure-2.17.2\lib\tika-core-2.1.0.jar;C:\allure-2.17.2\lib\commons-io-2.11.0.jar;C:\allure-2.17.2\lib\jetty-server-9.4.43.v20210629.jar;C:\allure-2.17.2\lib\logback-core-1.2.7.jar;C:\allure-2.17.2\lib\allure1-model-1.0.jar;C:\allure-2.17.2\lib\slf4j-api-1.7.32.jar;C:\allure-2.17.2\lib\snakeyaml-1.27.jar;C:\allure-2.17.2\lib\javax.servlet-api-3.1.0.jar;C:\allure-2.17.2\lib\jetty-http-9.4.43.v20210629.jar;C:\allure-2.17.2\lib\jetty-io-9.4.43.v20210629.jar;C:\allure-2.17.2\lib\allure-model-2.17.1.jar;C:\allure-2.17.2\lib\jaxb-api-2.3.1.jar;C:\allure-2.17.2\lib\httpclient-4.5.13.jar;C:\allure-2.17.2\lib\freemarker-2.3.31.jar;C:\allure-2.17.2\lib\jetty-util-9.4.43.v20210629.jar;C:\allure-2.17.2\lib\opencsv-4.6.jar;C:\allure-2.17.2\lib\flexmark-ext-tables-0.62.2.jar;C:\allure-2.17.2\lib\flexmark-0.62.2.jar;C:\allure-2.17.2\lib\woodstox-core-6.2.4.jar;C:\allure-2.17.2\lib\stax2-api-4.2.1.jar;C:\allure-2.17.2\lib\javax.activation-api-1.2.0.jar;C:\allure-2.17.2\lib\properties-2.0.RC5.jar;C:\allure-2.17.2\lib\jaxb-utils-1.0.jar;C:\allure-2.17.2\lib\httpcore-4.4.13.jar;C:\allure-2.17.2\lib\commons-beanutils-1.9.4.jar;C:\allure-2.17.2\lib\commons-logging-1.2.jar;C:\allure-2.17.2\lib\commons-codec-1.11.jar;C:\allure-2.17.2\lib\commons-text-1.3.jar;C:\allure-2.17.2\lib\commons-lang3-3.12.0.jar;C:\allure-2.17.2\lib\commons-collections4-4.2.jar;C:\allure-2.17.2\lib\flexmark-util-0.62.2.jar;C:\allure-2.
Launcher Type: SUN_STANDARD

[Global flags]
     intx CICompilerCount                          = 4                                         {product} {ergonomic}
     uint ConcGCThreads                            = 3                                         {product} {ergonomic}
     uint G1ConcRefinementThreads                  = 10                                        {product} {ergonomic}
   size_t G1HeapRegionSize                         = 1048576                                   {product} {ergonomic}
    uintx GCDrainStackTargetSize                   = 64                                        {product} {ergonomic}
   size_t InitialHeapSize                          = 132120576                                 {product} {ergonomic}
   size_t MarkStackSize                            = 4194304                                   {product} {ergonomic}
   size_t MaxHeapSize                              = 2090860544                                {product} {ergonomic}
   size_t MaxNewSize                               = 1254096896                                {product} {ergonomic}
   size_t MinHeapDeltaBytes                        = 1048576                                   {product} {ergonomic}
   size_t MinHeapSize                              = 8388608                                   {product} {ergonomic}
    uintx NonNMethodCodeHeapSize                   = 5839372                                {pd product} {ergonomic}
    uintx NonProfiledCodeHeapSize                  = 122909434                              {pd product} {ergonomic}
    uintx ProfiledCodeHeapSize                     = 122909434                              {pd product} {ergonomic}
    uintx ReservedCodeCacheSize                    = 251658240                              {pd product} {ergonomic}
     bool SegmentedCodeCache                       = true                                      {product} {ergonomic}
   size_t SoftMaxHeapSize                          = 2090860544                             {manageable} {ergonomic}
     bool UseCompressedClassPointers               = true                                 {lp64_product} {ergonomic}
     bool UseCompressedOops                        = true                                 {lp64_product} {ergonomic}
     bool UseG1GC                                  = true                                      {product} {ergonomic}
     bool UseLargePagesIndividualAllocation        = false                                  {pd product} {ergonomic}

Logging:
Log output configuration:
 #0: stdout all=warning uptime,level,tags
 #1: stderr all=off uptime,level,tags

Environment Variables:
JAVA_HOME=C:\Program Files\Java\jdk-15.0.1
CLASSPATH=C:\allure-2.17.2\lib\allure-commandline-2.17.2.jar;C:\allure-2.17.2\lib\logback-classic-1.2.7.jar;C:\allure-2.17.2\lib\jcommander-1.81.jar;C:\allure-2.17.2\lib\allure-generator-2.17.2.jar;C:\allure-2.17.2\lib\jackson-dataformat-xml-2.12.5.jar;C:\allure-2.17.2\lib\jackson-module-jaxb-annotations-2.12.5.jar;C:\allure-2.17.2\lib\jackson-annotations-2.12.5.jar;C:\allure-2.17.2\lib\jackson-core-2.12.5.jar;C:\allure-2.17.2\lib\jackson-dataformat-yaml-2.12.5.jar;C:\allure-2.17.2\lib\allure-plugin-api-2.17.2.jar;C:\allure-2.17.2\lib\jackson-databind-2.12.5.jar;C:\allure-2.17.2\lib\tika-core-2.1.0.jar;C:\allure-2.17.2\lib\commons-io-2.11.0.jar;C:\allure-2.17.2\lib\jetty-server-9.4.43.v20210629.jar;C:\allure-2.17.2\lib\logback-core-1.2.7.jar;C:\allure-2.17.2\lib\allure1-model-1.0.jar;C:\allure-2.17.2\lib\slf4j-api-1.7.32.jar;C:\allure-2.17.2\lib\snakeyaml-1.27.jar;C:\allure-2.17.2\lib\javax.servlet-api-3.1.0.jar;C:\allure-2.17.2\lib\jetty-http-9.4.43.v20210629.jar;C:\allure-2.17.2\lib\jetty-io-9.4.43.v20210629.jar;C:\allure-2.17.2\lib\allure-model-2.17.1.jar;C:\allure-2.17.2\lib\jaxb-api-2.3.1.jar;C:\allure-2.17.2\lib\httpclient-4.5.13.jar;C:\allure-2.17.2\lib\freemarker-2.3.31.jar;C:\allure-2.17.2\lib\jetty-util-9.4.43.v20210629.jar;C:\allure-2.17.2\lib\opencsv-4.6.jar;C:\allure-2.17.2\lib\flexmark-ext-tables-0.62.2.jar;C:\allure-2.17.2\lib\flexmark-0.62.2.jar;C:\allure-2.17.2\lib\woodstox-core-6.2.4.jar;C:\allure-2.17.2\lib\stax2-api-4.2.1.jar;C:\allure-2.17.2\lib\javax.activation-api-1.2.0.jar;C:\allure-2.17.2\lib\properties-2.0.RC5.jar;C:\allure-2.17.2\lib\jaxb-utils-1.0.jar;C:\allure-2.17.2\lib\httpcore-4.4.13.jar;C:\allure-2.17.2\lib\commons-beanutils-1.9.4.jar;C:\allure-2.17.2\lib\commons-logging-1.2.jar;C:\allure-2.17.2\lib\commons-codec-1.11.jar;C:\allure-2.17.2\lib\commons-text-1.3.jar;C:\allure-2.17.2\lib\commons-lang3-3.12.0.jar;C:\allure-2.17.2\lib\commons-collections4-4.2.jar;C:\allure-2.17.2\lib\flexmark-util-0.62.2.jar;C:\allure-2.17.2\lib\flexmark-util-form
PATH=C:/Users/Mahmoud/Downloads/eclipse//plugins/org.eclipse.justj.openjdk.hotspot.jre.full.win32.x86_64_15.0.1.v20201027-0507/jre/bin/server;C:/Users/Mahmoud/Downloads/eclipse//plugins/org.eclipse.justj.openjdk.hotspot.jre.full.win32.x86_64_15.0.1.v20201027-0507/jre/bin;C:\Users\Mahmoud\AppData\Local\Programs\Python\Python39\Scripts\;C:\Users\Mahmoud\AppData\Local\Programs\Python\Python39\;C:\Python39\Scripts\;C:\Python39\;C:\Program Files\Common Files\Oracle\Java\javapath;C:\Windows\system32;C:\Windows;C:\Windows\System32\Wbem;C:\Windows\System32\WindowsPowerShell\v1.0\;C:\Windows\System32\OpenSSH\;C:\Program Files (x86)\NVIDIA Corporation\PhysX\Common;C:\Program Files\NVIDIA Corporation\NVIDIA NvDLISR;C:\Program Files\Java\jdk-13.0.2\bin;C:\Users\mahmo\AppData\Local\Android\Sdk\platform-tools;C:\Program Files\nodejs\node_modules\npm\bin;C:\WINDOWS\system32;C:\WINDOWS;C:\WINDOWS\System32\Wbem;C:\WINDOWS\System32\WindowsPowerShell\v1.0\;C:\WINDOWS\System32\OpenSSH\;C:\Program Files\Git\cmd;C:\ProgramData\chocolatey\bin;C:\Program Files\nodejs\;C:\Program Files\Docker\Docker\resources\bin;C:\ProgramData\DockerDesktop\version-bin;C:\apache-maven-3.8.4\bin;C:\allure-2.17.2\bin;C:\Program Files\Java\jdk1.7.0_80\bin;C:\Users\Mahmoud\AppData\Local\Microsoft\WindowsApps;C:\Users\Mahmoud\AppData\Local\Programs\Microsoft VS Code\bin;C:\Users\Mahmoud\AppData\Roaming\npm;C:\usr\local\bin;;C:\Program Files\JetBrains\IntelliJ IDEA Community Edition 2020.3.1\bin;;C:\Users\Mahmoud\Downloads\eclipse;
USERNAME=Mahmoud
OS=Windows_NT
PROCESSOR_IDENTIFIER=Intel64 Family 6 Model 158 Stepping 10, GenuineIntel



---------------  S Y S T E M  ---------------

OS:
 Windows 10 , 64 bit Build 22000 (10.0.22000.434)
OS uptime: 7 days 3:58 hours
HyperV virtualization detected

CPU: total 12 (initial active 12) (6 cores per cpu, 2 threads per core) family 6 model 158 stepping 10 microcode 0xde, cmov, cx8, fxsr, mmx, sse, sse2, sse3, ssse3, sse4.1, sse4.2, popcnt, vzeroupper, avx, avx2, aes, clmul, erms, 3dnowpref, lzcnt, ht, tsc, tscinvbit, bmi1, bmi2, adx, fma, clflush, clflushopt

Memory: 4k page, system-wide physical 7972M (451M free)
TotalPageFile size 21087M (AvailPageFile size 23M)
current process WorkingSet (physical memory assigned to process): 56M, peak: 56M
current process commit charge ("private bytes"): 223M, peak: 223M

vm_info: Java HotSpot(TM) 64-Bit Server VM (15.0.1+9-18) for windows-amd64 JRE (15.0.1+9-18), built on Sep 15 2020 14:43:54 by "mach5one" with unknown MS VC++:1925

END.
